#
# There is insufficient memory for the Java Runtime Environment to continue.
# Native memory allocation (malloc) failed to allocate 741152 bytes. Error detail: Chunk::new
# Possible reasons:
#   The system is out of physical RAM or swap space
#   This process is running with CompressedOops enabled, and the Java Heap may be blocking the growth of the native heap
# Possible solutions:
#   Reduce memory load on the system
#   Increase physical memory or swap space
#   Check if swap backing store is full
#   Decrease Java heap size (-Xmx/-Xms)
#   Decrease number of Java threads
#   Decrease Java thread stack sizes (-Xss)
#   Set larger code cache with -XX:ReservedCodeCacheSize=
#   JVM is running with Unscaled Compressed Oops mode in which the Java heap is
#     placed in the first 4GB address space. The Java Heap base address is the
#     maximum limit for the native heap growth. Please use -XX:HeapBaseMinAddress
#     to set the Java Heap base and to place the Java Heap above 4GB virtual address.
# This output file may be truncated or incomplete.
#
#  Out of Memory Error (arena.cpp:168), pid=3908, tid=13780
#
# JRE version: OpenJDK Runtime Environment (21.0.7) (build 21.0.7+-13880790-b1038.58)
# Java VM: OpenJDK 64-Bit Server VM (21.0.7+-13880790-b1038.58, mixed mode, tiered, compressed oops, compressed class ptrs, g1 gc, windows-amd64)
# No core dump will be written. Minidumps are not enabled by default on client versions of Windows
#

---------------  S U M M A R Y ------------

Command Line: --add-opens=java.base/java.lang=ALL-UNNAMED --add-opens=java.base/java.lang.invoke=ALL-UNNAMED --add-opens=java.base/java.util=ALL-UNNAMED --add-opens=java.prefs/java.util.prefs=ALL-UNNAMED --add-exports=jdk.compiler/com.sun.tools.javac.api=ALL-UNNAMED --add-exports=jdk.compiler/com.sun.tools.javac.util=ALL-UNNAMED --add-opens=java.base/java.util=ALL-UNNAMED --add-opens=java.prefs/java.util.prefs=ALL-UNNAMED --add-opens=java.base/java.nio.charset=ALL-UNNAMED --add-opens=java.base/java.net=ALL-UNNAMED --add-opens=java.base/java.util.concurrent.atomic=ALL-UNNAMED --add-opens=java.xml/javax.xml.namespace=ALL-UNNAMED -Xmx2048m -Dfile.encoding=UTF-8 -Duser.country=IN -Duser.language=en -Duser.variant -javaagent:C:\Users\sampa\Downloads\gradle-8.13-bin\wrapper\dists\gradle-8.13-bin\5xuhj0ry160q40clulazy9h7d\gradle-8.13\lib\agents\gradle-instrumentation-agent-8.13.jar org.gradle.launcher.daemon.bootstrap.GradleDaemon 8.13

Host: 12th Gen Intel(R) Core(TM) i5-1235U, 12 cores, 15G,  Windows 11 , 64 bit Build 26100 (10.0.26100.5074)
Time: Fri Sep 26 16:14:26 2025 India Standard Time elapsed time: 43.890322 seconds (0d 0h 0m 43s)

---------------  T H R E A D  ---------------

Current thread (0x000001ea301d47c0):  JavaThread "C2 CompilerThread0" daemon [_thread_in_native, id=13780, stack(0x00000021d8e00000,0x00000021d8f00000) (1024K)]


Current CompileTask:
C2:43891 6292       4       groovy.lang.MetaClassImpl$1MOPIter::methodNameAction (325 bytes)

Stack: [0x00000021d8e00000,0x00000021d8f00000]
Native frames: (J=compiled Java code, j=interpreted, Vv=VM code, C=native code)
V  [jvm.dll+0x6d25c9]
V  [jvm.dll+0x860923]
V  [jvm.dll+0x862e7e]
V  [jvm.dll+0x863563]
V  [jvm.dll+0x27f156]
V  [jvm.dll+0xc002d]
V  [jvm.dll+0xc0563]
V  [jvm.dll+0x3b6d3b]
V  [jvm.dll+0x382c27]
V  [jvm.dll+0x38209a]
V  [jvm.dll+0x247e72]
V  [jvm.dll+0x247441]
V  [jvm.dll+0x1c5fb4]
V  [jvm.dll+0x256bac]
V  [jvm.dll+0x2550f6]
V  [jvm.dll+0x3f1d16]
V  [jvm.dll+0x808d08]
V  [jvm.dll+0x6d0e1d]
C  [ucrtbase.dll+0x37b0]
C  [KERNEL32.DLL+0x2e8d7]
C  [ntdll.dll+0x8d9c]


---------------  P R O C E S S  ---------------

Threads class SMR info:
_java_thread_list=0x000001ea2fe73240, length=66, elements={
0x000001ea1851a9a0, 0x000001ea30176b70, 0x000001ea3019cdb0, 0x000001ea3019d420,
0x000001ea301b64d0, 0x000001ea301bf4a0, 0x000001ea301a5030, 0x000001ea301a56a0,
0x000001ea301d47c0, 0x000001ea301d6e80, 0x000001ea3046ca30, 0x000001ea35f66190,
0x000001ea36182d80, 0x000001ea362a40b0, 0x000001ea3620f010, 0x000001ea3620f680,
0x000001ea361f9290, 0x000001ea362287a0, 0x000001ea354d5910, 0x000001ea354d3840,
0x000001ea354d6cc0, 0x000001ea354d5280, 0x000001ea354d4bf0, 0x000001ea354d3ed0,
0x000001ea354d6630, 0x000001ea39883a40, 0x000001ea39884760, 0x000001ea39884df0,
0x000001ea39882d20, 0x000001ea398840d0, 0x000001ea39885480, 0x000001ea39885b10,
0x000001ea398861a0, 0x000001ea39886830, 0x000001ea398833b0, 0x000001ea39887be0,
0x000001ea39886ec0, 0x000001ea39887550, 0x000001ea39888270, 0x000001ea39888900,
0x000001ea39889cb0, 0x000001ea39889620, 0x000001ea386af690, 0x000001ea386adc50,
0x000001ea386ae2e0, 0x000001ea386af000, 0x000001ea386acf30, 0x000001ea386afd20,
0x000001ea386ac8a0, 0x000001ea386b2480, 0x000001ea386b3830, 0x000001ea386b31a0,
0x000001ea386b03b0, 0x000001ea386b3ec0, 0x000001ea386b1df0, 0x000001ea386b0a40,
0x000001ea386b10d0, 0x000001ea386b1760, 0x000001ea386b2b10, 0x000001ea3912b320,
0x000001ea3912da80, 0x000001ea3912b9b0, 0x000001ea3912e110, 0x000001ea3912c040,
0x000001ea3912c6d0, 0x000001ea3912cd60
}

Java Threads: ( => current thread )
  0x000001ea1851a9a0 JavaThread "main"                              [_thread_blocked, id=6052, stack(0x00000021d7f00000,0x00000021d8000000) (1024K)]
  0x000001ea30176b70 JavaThread "Common-Cleaner"             daemon [_thread_blocked, id=1968, stack(0x00000021d8700000,0x00000021d8800000) (1024K)]
  0x000001ea3019cdb0 JavaThread "Reference Handler"          daemon [_thread_blocked, id=5160, stack(0x00000021d8800000,0x00000021d8900000) (1024K)]
  0x000001ea3019d420 JavaThread "Finalizer"                  daemon [_thread_blocked, id=4444, stack(0x00000021d8900000,0x00000021d8a00000) (1024K)]
  0x000001ea301b64d0 JavaThread "Signal Dispatcher"          daemon [_thread_blocked, id=4480, stack(0x00000021d8a00000,0x00000021d8b00000) (1024K)]
  0x000001ea301bf4a0 JavaThread "Attach Listener"            daemon [_thread_blocked, id=22940, stack(0x00000021d8b00000,0x00000021d8c00000) (1024K)]
  0x000001ea301a5030 JavaThread "Service Thread"             daemon [_thread_blocked, id=2184, stack(0x00000021d8c00000,0x00000021d8d00000) (1024K)]
  0x000001ea301a56a0 JavaThread "Monitor Deflation Thread"   daemon [_thread_blocked, id=27492, stack(0x00000021d8d00000,0x00000021d8e00000) (1024K)]
=>0x000001ea301d47c0 JavaThread "C2 CompilerThread0"         daemon [_thread_in_native, id=13780, stack(0x00000021d8e00000,0x00000021d8f00000) (1024K)]
  0x000001ea301d6e80 JavaThread "C1 CompilerThread0"         daemon [_thread_blocked, id=1268, stack(0x00000021d8f00000,0x00000021d9000000) (1024K)]
  0x000001ea3046ca30 JavaThread "Notification Thread"        daemon [_thread_blocked, id=30744, stack(0x00000021d9100000,0x00000021d9200000) (1024K)]
  0x000001ea35f66190 JavaThread "Daemon health stats"               [_thread_blocked, id=31056, stack(0x00000021d9200000,0x00000021d9300000) (1024K)]
  0x000001ea36182d80 JavaThread "Incoming local TCP Connector on port 59337"        [_thread_in_native, id=30816, stack(0x00000021d9b00000,0x00000021d9c00000) (1024K)]
  0x000001ea362a40b0 JavaThread "Daemon periodic checks"            [_thread_blocked, id=31128, stack(0x00000021d9c00000,0x00000021d9d00000) (1024K)]
  0x000001ea3620f010 JavaThread "Daemon"                            [_thread_blocked, id=26960, stack(0x00000021d9000000,0x00000021d9100000) (1024K)]
  0x000001ea3620f680 JavaThread "Handler for socket connection from /127.0.0.1:59337 to /127.0.0.1:59338"        [_thread_in_native, id=24560, stack(0x00000021d9d00000,0x00000021d9e00000) (1024K)]
  0x000001ea361f9290 JavaThread "Cancel handler"                    [_thread_blocked, id=18504, stack(0x00000021d9e00000,0x00000021d9f00000) (1024K)]
  0x000001ea362287a0 JavaThread "Daemon worker"                     [_thread_in_Java, id=17188, stack(0x00000021d9f00000,0x00000021da000000) (1024K)]
  0x000001ea354d5910 JavaThread "Asynchronous log dispatcher for DefaultDaemonConnection: socket connection from /127.0.0.1:59337 to /127.0.0.1:59338"        [_thread_blocked, id=11412, stack(0x00000021da000000,0x00000021da100000) (1024K)]
  0x000001ea354d3840 JavaThread "Stdin handler"                     [_thread_blocked, id=6232, stack(0x00000021da100000,0x00000021da200000) (1024K)]
  0x000001ea354d6cc0 JavaThread "Daemon client event forwarder"        [_thread_blocked, id=22280, stack(0x00000021da200000,0x00000021da300000) (1024K)]
  0x000001ea354d5280 JavaThread "Cache worker for journal cache (C:\Users\sampa\Downloads\gradle-8.13-bin\caches\journal-1)"        [_thread_blocked, id=27644, stack(0x00000021da600000,0x00000021da700000) (1024K)]
  0x000001ea354d4bf0 JavaThread "File lock request listener"        [_thread_in_native, id=28572, stack(0x00000021da700000,0x00000021da800000) (1024K)]
  0x000001ea354d3ed0 JavaThread "Cache worker for file hash cache (C:\Users\sampa\Downloads\gradle-8.13-bin\caches\8.13\fileHashes)"        [_thread_blocked, id=21280, stack(0x00000021da800000,0x00000021da900000) (1024K)]
  0x000001ea354d6630 JavaThread "Cache worker for file hash cache (C:\Users\sampa\Finora\.gradle\8.13\fileHashes)"        [_thread_blocked, id=26340, stack(0x00000021dab00000,0x00000021dac00000) (1024K)]
  0x000001ea39883a40 JavaThread "Cache worker for Build Output Cleanup Cache (C:\Users\sampa\Finora\.gradle\buildOutputCleanup)"        [_thread_blocked, id=20560, stack(0x00000021dac00000,0x00000021dad00000) (1024K)]
  0x000001ea39884760 JavaThread "File watcher server"        daemon [_thread_in_native, id=17556, stack(0x00000021daa00000,0x00000021dab00000) (1024K)]
  0x000001ea39884df0 JavaThread "File watcher consumer"      daemon [_thread_blocked, id=18752, stack(0x00000021dad00000,0x00000021dae00000) (1024K)]
  0x000001ea39882d20 JavaThread "jar transforms"                    [_thread_blocked, id=30604, stack(0x00000021dae00000,0x00000021daf00000) (1024K)]
  0x000001ea398840d0 JavaThread "jar transforms Thread 2"           [_thread_blocked, id=14528, stack(0x00000021daf00000,0x00000021db000000) (1024K)]
  0x000001ea39885480 JavaThread "jar transforms Thread 3"           [_thread_blocked, id=27984, stack(0x00000021db000000,0x00000021db100000) (1024K)]
  0x000001ea39885b10 JavaThread "jar transforms Thread 4"           [_thread_blocked, id=29128, stack(0x00000021db100000,0x00000021db200000) (1024K)]
  0x000001ea398861a0 JavaThread "jar transforms Thread 5"           [_thread_blocked, id=596, stack(0x00000021db200000,0x00000021db300000) (1024K)]
  0x000001ea39886830 JavaThread "jar transforms Thread 6"           [_thread_blocked, id=12068, stack(0x00000021db300000,0x00000021db400000) (1024K)]
  0x000001ea398833b0 JavaThread "jar transforms Thread 7"           [_thread_blocked, id=24796, stack(0x00000021db400000,0x00000021db500000) (1024K)]
  0x000001ea39887be0 JavaThread "jar transforms Thread 8"           [_thread_blocked, id=11448, stack(0x00000021db500000,0x00000021db600000) (1024K)]
  0x000001ea39886ec0 JavaThread "jar transforms Thread 9"           [_thread_blocked, id=11276, stack(0x00000021db600000,0x00000021db700000) (1024K)]
  0x000001ea39887550 JavaThread "jar transforms Thread 10"          [_thread_blocked, id=21184, stack(0x00000021db700000,0x00000021db800000) (1024K)]
  0x000001ea39888270 JavaThread "jar transforms Thread 11"          [_thread_blocked, id=30784, stack(0x00000021db800000,0x00000021db900000) (1024K)]
  0x000001ea39888900 JavaThread "jar transforms Thread 12"          [_thread_blocked, id=15468, stack(0x00000021db900000,0x00000021dba00000) (1024K)]
  0x000001ea39889cb0 JavaThread "File lock release action executor"        [_thread_blocked, id=13668, stack(0x00000021dba00000,0x00000021dbb00000) (1024K)]
  0x000001ea39889620 JavaThread "Cache worker for checksums cache (C:\Users\sampa\Finora\.gradle\8.13\checksums)"        [_thread_blocked, id=11244, stack(0x00000021da900000,0x00000021daa00000) (1024K)]
  0x000001ea386af690 JavaThread "Cache worker for file content cache (C:\Users\sampa\Downloads\gradle-8.13-bin\caches\8.13\fileContent)"        [_thread_blocked, id=13844, stack(0x00000021dbb00000,0x00000021dbc00000) (1024K)]
  0x000001ea386adc50 JavaThread "Cache worker for cache directory md-supplier (C:\Users\sampa\Downloads\gradle-8.13-bin\caches\8.13\md-supplier)"        [_thread_blocked, id=13588, stack(0x00000021dbd00000,0x00000021dbe00000) (1024K)]
  0x000001ea386ae2e0 JavaThread "Cache worker for cache directory md-rule (C:\Users\sampa\Downloads\gradle-8.13-bin\caches\8.13\md-rule)"        [_thread_blocked, id=16740, stack(0x00000021dbe00000,0x00000021dbf00000) (1024K)]
  0x000001ea386af000 JavaThread "Unconstrained build operations"        [_thread_blocked, id=23888, stack(0x00000021d7c00000,0x00000021d7d00000) (1024K)]
  0x000001ea386acf30 JavaThread "Unconstrained build operations Thread 2"        [_thread_blocked, id=25652, stack(0x00000021dbc00000,0x00000021dbd00000) (1024K)]
  0x000001ea386afd20 JavaThread "Unconstrained build operations Thread 3"        [_thread_blocked, id=28936, stack(0x00000021dc000000,0x00000021dc100000) (1024K)]
  0x000001ea386ac8a0 JavaThread "Unconstrained build operations Thread 4"        [_thread_blocked, id=11444, stack(0x00000021dc100000,0x00000021dc200000) (1024K)]
  0x000001ea386b2480 JavaThread "Unconstrained build operations Thread 5"        [_thread_blocked, id=28564, stack(0x00000021dbf00000,0x00000021dc000000) (1024K)]
  0x000001ea386b3830 JavaThread "Unconstrained build operations Thread 6"        [_thread_blocked, id=21828, stack(0x00000021dc200000,0x00000021dc300000) (1024K)]
  0x000001ea386b31a0 JavaThread "Unconstrained build operations Thread 7"        [_thread_blocked, id=27084, stack(0x00000021dc300000,0x00000021dc400000) (1024K)]
  0x000001ea386b03b0 JavaThread "Unconstrained build operations Thread 8"        [_thread_blocked, id=26528, stack(0x00000021dc400000,0x00000021dc500000) (1024K)]
  0x000001ea386b3ec0 JavaThread "Unconstrained build operations Thread 9"        [_thread_blocked, id=29940, stack(0x00000021dc500000,0x00000021dc600000) (1024K)]
  0x000001ea386b1df0 JavaThread "Unconstrained build operations Thread 10"        [_thread_blocked, id=19356, stack(0x00000021dc600000,0x00000021dc700000) (1024K)]
  0x000001ea386b0a40 JavaThread "Unconstrained build operations Thread 11"        [_thread_blocked, id=22104, stack(0x00000021dc700000,0x00000021dc800000) (1024K)]
  0x000001ea386b10d0 JavaThread "Unconstrained build operations Thread 12"        [_thread_blocked, id=14836, stack(0x00000021dc800000,0x00000021dc900000) (1024K)]
  0x000001ea386b1760 JavaThread "Unconstrained build operations Thread 13"        [_thread_blocked, id=28576, stack(0x00000021dc900000,0x00000021dca00000) (1024K)]
  0x000001ea386b2b10 JavaThread "Unconstrained build operations Thread 14"        [_thread_blocked, id=28184, stack(0x00000021dca00000,0x00000021dcb00000) (1024K)]
  0x000001ea3912b320 JavaThread "Unconstrained build operations Thread 15"        [_thread_blocked, id=14868, stack(0x00000021dcb00000,0x00000021dcc00000) (1024K)]
  0x000001ea3912da80 JavaThread "Unconstrained build operations Thread 16"        [_thread_blocked, id=26904, stack(0x00000021dcc00000,0x00000021dcd00000) (1024K)]
  0x000001ea3912b9b0 JavaThread "Unconstrained build operations Thread 17"        [_thread_blocked, id=2364, stack(0x00000021dcd00000,0x00000021dce00000) (1024K)]
  0x000001ea3912e110 JavaThread "Unconstrained build operations Thread 18"        [_thread_blocked, id=28724, stack(0x00000021dce00000,0x00000021dcf00000) (1024K)]
  0x000001ea3912c040 JavaThread "Unconstrained build operations Thread 19"        [_thread_blocked, id=21900, stack(0x00000021dcf00000,0x00000021dd000000) (1024K)]
  0x000001ea3912c6d0 JavaThread "Unconstrained build operations Thread 20"        [_thread_blocked, id=20216, stack(0x00000021dd000000,0x00000021dd100000) (1024K)]
  0x000001ea3912cd60 JavaThread "Unconstrained build operations Thread 21"        [_thread_blocked, id=27512, stack(0x00000021dd100000,0x00000021dd200000) (1024K)]
Total: 66

Other Threads:
  0x000001ea30129840 VMThread "VM Thread"                           [id=4672, stack(0x00000021d8600000,0x00000021d8700000) (1024K)]
  0x000001ea300f09d0 WatcherThread "VM Periodic Task Thread"        [id=15572, stack(0x00000021d8500000,0x00000021d8600000) (1024K)]
  0x000001ea18573db0 WorkerThread "GC Thread#0"                     [id=2228, stack(0x00000021d8000000,0x00000021d8100000) (1024K)]
  0x000001ea30b155b0 WorkerThread "GC Thread#1"                     [id=29952, stack(0x00000021d9300000,0x00000021d9400000) (1024K)]
  0x000001ea30b15950 WorkerThread "GC Thread#2"                     [id=4712, stack(0x00000021d9400000,0x00000021d9500000) (1024K)]
  0x000001ea30b15cf0 WorkerThread "GC Thread#3"                     [id=2728, stack(0x00000021d9500000,0x00000021d9600000) (1024K)]
  0x000001ea30afe9e0 WorkerThread "GC Thread#4"                     [id=21408, stack(0x00000021d9600000,0x00000021d9700000) (1024K)]
  0x000001ea30afed80 WorkerThread "GC Thread#5"                     [id=18676, stack(0x00000021d9700000,0x00000021d9800000) (1024K)]
  0x000001ea361af5f0 WorkerThread "GC Thread#6"                     [id=8452, stack(0x00000021d9800000,0x00000021d9900000) (1024K)]
  0x000001ea361af990 WorkerThread "GC Thread#7"                     [id=4600, stack(0x00000021d9900000,0x00000021d9a00000) (1024K)]
  0x000001ea361944f0 WorkerThread "GC Thread#8"                     [id=1332, stack(0x00000021d9a00000,0x00000021d9b00000) (1024K)]
  0x000001ea36193a10 WorkerThread "GC Thread#9"                     [id=16932, stack(0x00000021da300000,0x00000021da400000) (1024K)]
  0x000001ea18585780 ConcurrentGCThread "G1 Main Marker"            [id=29936, stack(0x00000021d8100000,0x00000021d8200000) (1024K)]
  0x000001ea18587bb0 WorkerThread "G1 Conc#0"                       [id=6028, stack(0x00000021d8200000,0x00000021d8300000) (1024K)]
  0x000001ea36193db0 WorkerThread "G1 Conc#1"                       [id=30276, stack(0x00000021da400000,0x00000021da500000) (1024K)]
  0x000001ea36194150 WorkerThread "G1 Conc#2"                       [id=10492, stack(0x00000021da500000,0x00000021da600000) (1024K)]
  0x000001ea2ff62bf0 ConcurrentGCThread "G1 Refine#0"               [id=26480, stack(0x00000021d8300000,0x00000021d8400000) (1024K)]
  0x000001ea2ff63510 ConcurrentGCThread "G1 Service"                [id=26136, stack(0x00000021d8400000,0x00000021d8500000) (1024K)]
Total: 18

Threads with active compile tasks:
C2 CompilerThread0  44007 6292       4       groovy.lang.MetaClassImpl$1MOPIter::methodNameAction (325 bytes)
Total: 1

VM state: not at safepoint (normal execution)

VM Mutex/Monitor currently owned by a thread: None

Heap address: 0x0000000080000000, size: 2048 MB, Compressed Oops mode: 32-bit

CDS archive(s) not mapped
Compressed class space mapped at: 0x0000000100000000-0x0000000140000000, reserved size: 1073741824
Narrow klass base: 0x0000000000000000, Narrow klass shift: 3, Narrow klass range: 0x140000000

GC Precious Log:
 CardTable entry size: 512
 Card Set container configuration: InlinePtr #cards 5 size 8 Array Of Cards #cards 12 size 40 Howl #buckets 4 coarsen threshold 1843 Howl Bitmap #cards 512 size 80 coarsen threshold 460 Card regions per heap region 1 cards per card region 2048
 CPUs: 12 total, 12 available
 Memory: 16068M
 Large Page Support: Disabled
 NUMA Support: Disabled
 Compressed Oops: Enabled (32-bit)
 Heap Region Size: 1M
 Heap Min Capacity: 8M
 Heap Initial Capacity: 252M
 Heap Max Capacity: 2G
 Pre-touch: Disabled
 Parallel Workers: 10
 Concurrent Workers: 3
 Concurrent Refinement Workers: 10
 Periodic GC: Disabled

Heap:
 garbage-first heap   total 158720K, used 123432K [0x0000000080000000, 0x0000000100000000)
  region size 1024K, 32 young (32768K), 3 survivors (3072K)
 Metaspace       used 70607K, committed 72384K, reserved 1114112K
  class space    used 9813K, committed 10688K, reserved 1048576K

Heap Regions: E=young(eden), S=young(survivor), O=old, HS=humongous(starts), HC=humongous(continues), CS=collection set, F=free, TAMS=top-at-mark-start, PB=parsable bottom
|   0|0x0000000080000000, 0x0000000080100000, 0x0000000080100000|100%|HS|  |TAMS 0x0000000080000000| PB 0x0000000080000000| Complete 
|   1|0x0000000080100000, 0x0000000080200000, 0x0000000080200000|100%|HC|  |TAMS 0x0000000080100000| PB 0x0000000080100000| Complete 
|   2|0x0000000080200000, 0x0000000080300000, 0x0000000080300000|100%|HC|  |TAMS 0x0000000080200000| PB 0x0000000080200000| Complete 
|   3|0x0000000080300000, 0x0000000080400000, 0x0000000080400000|100%| O|  |TAMS 0x0000000080300000| PB 0x0000000080300000| Untracked 
|   4|0x0000000080400000, 0x0000000080500000, 0x0000000080500000|100%| O|  |TAMS 0x0000000080400000| PB 0x0000000080400000| Untracked 
|   5|0x0000000080500000, 0x0000000080600000, 0x0000000080600000|100%| O|  |TAMS 0x0000000080500000| PB 0x0000000080500000| Untracked 
|   6|0x0000000080600000, 0x0000000080700000, 0x0000000080700000|100%|HS|  |TAMS 0x0000000080600000| PB 0x0000000080600000| Complete 
|   7|0x0000000080700000, 0x0000000080800000, 0x0000000080800000|100%| O|  |TAMS 0x0000000080700000| PB 0x0000000080700000| Untracked 
|   8|0x0000000080800000, 0x0000000080900000, 0x0000000080900000|100%| O|  |TAMS 0x0000000080800000| PB 0x0000000080800000| Untracked 
|   9|0x0000000080900000, 0x0000000080a00000, 0x0000000080a00000|100%| O|  |TAMS 0x0000000080900000| PB 0x0000000080900000| Untracked 
|  10|0x0000000080a00000, 0x0000000080b00000, 0x0000000080b00000|100%| O|  |TAMS 0x0000000080a00000| PB 0x0000000080a00000| Untracked 
|  11|0x0000000080b00000, 0x0000000080c00000, 0x0000000080c00000|100%| O|  |TAMS 0x0000000080b00000| PB 0x0000000080b00000| Untracked 
|  12|0x0000000080c00000, 0x0000000080d00000, 0x0000000080d00000|100%| O|  |TAMS 0x0000000080c00000| PB 0x0000000080c00000| Untracked 
|  13|0x0000000080d00000, 0x0000000080e00000, 0x0000000080e00000|100%| O|  |TAMS 0x0000000080d00000| PB 0x0000000080d00000| Untracked 
|  14|0x0000000080e00000, 0x0000000080f00000, 0x0000000080f00000|100%| O|  |TAMS 0x0000000080e00000| PB 0x0000000080e00000| Untracked 
|  15|0x0000000080f00000, 0x0000000081000000, 0x0000000081000000|100%| O|  |TAMS 0x0000000080f00000| PB 0x0000000080f00000| Untracked 
|  16|0x0000000081000000, 0x0000000081100000, 0x0000000081100000|100%| O|  |TAMS 0x0000000081000000| PB 0x0000000081000000| Untracked 
|  17|0x0000000081100000, 0x0000000081200000, 0x0000000081200000|100%| O|  |TAMS 0x0000000081100000| PB 0x0000000081100000| Untracked 
|  18|0x0000000081200000, 0x0000000081300000, 0x0000000081300000|100%| O|  |TAMS 0x0000000081200000| PB 0x0000000081200000| Untracked 
|  19|0x0000000081300000, 0x0000000081400000, 0x0000000081400000|100%| O|  |TAMS 0x0000000081300000| PB 0x0000000081300000| Untracked 
|  20|0x0000000081400000, 0x0000000081500000, 0x0000000081500000|100%| O|  |TAMS 0x0000000081400000| PB 0x0000000081400000| Untracked 
|  21|0x0000000081500000, 0x0000000081600000, 0x0000000081600000|100%|HS|  |TAMS 0x0000000081500000| PB 0x0000000081500000| Complete 
|  22|0x0000000081600000, 0x0000000081700000, 0x0000000081700000|100%|HC|  |TAMS 0x0000000081600000| PB 0x0000000081600000| Complete 
|  23|0x0000000081700000, 0x0000000081800000, 0x0000000081800000|100%|HC|  |TAMS 0x0000000081700000| PB 0x0000000081700000| Complete 
|  24|0x0000000081800000, 0x0000000081900000, 0x0000000081900000|100%|HC|  |TAMS 0x0000000081800000| PB 0x0000000081800000| Complete 
|  25|0x0000000081900000, 0x0000000081a00000, 0x0000000081a00000|100%|HC|  |TAMS 0x0000000081900000| PB 0x0000000081900000| Complete 
|  26|0x0000000081a00000, 0x0000000081b00000, 0x0000000081b00000|100%|HC|  |TAMS 0x0000000081a00000| PB 0x0000000081a00000| Complete 
|  27|0x0000000081b00000, 0x0000000081c00000, 0x0000000081c00000|100%|HS|  |TAMS 0x0000000081b00000| PB 0x0000000081b00000| Complete 
|  28|0x0000000081c00000, 0x0000000081d00000, 0x0000000081d00000|100%|HS|  |TAMS 0x0000000081c00000| PB 0x0000000081c00000| Complete 
|  29|0x0000000081d00000, 0x0000000081e00000, 0x0000000081e00000|100%|HC|  |TAMS 0x0000000081d00000| PB 0x0000000081d00000| Complete 
|  30|0x0000000081e00000, 0x0000000081f00000, 0x0000000081f00000|100%|HC|  |TAMS 0x0000000081e00000| PB 0x0000000081e00000| Complete 
|  31|0x0000000081f00000, 0x0000000082000000, 0x0000000082000000|100%|HC|  |TAMS 0x0000000081f00000| PB 0x0000000081f00000| Complete 
|  32|0x0000000082000000, 0x0000000082100000, 0x0000000082100000|100%|HS|  |TAMS 0x0000000082000000| PB 0x0000000082000000| Complete 
|  33|0x0000000082100000, 0x0000000082200000, 0x0000000082200000|100%|HC|  |TAMS 0x0000000082100000| PB 0x0000000082100000| Complete 
|  34|0x0000000082200000, 0x0000000082300000, 0x0000000082300000|100%|HS|  |TAMS 0x0000000082200000| PB 0x0000000082200000| Complete 
|  35|0x0000000082300000, 0x0000000082400000, 0x0000000082400000|100%|HS|  |TAMS 0x0000000082300000| PB 0x0000000082300000| Complete 
|  36|0x0000000082400000, 0x0000000082500000, 0x0000000082500000|100%| O|  |TAMS 0x0000000082400000| PB 0x0000000082400000| Untracked 
|  37|0x0000000082500000, 0x0000000082600000, 0x0000000082600000|100%| O|  |TAMS 0x0000000082500000| PB 0x0000000082500000| Untracked 
|  38|0x0000000082600000, 0x0000000082700000, 0x0000000082700000|100%| O|  |TAMS 0x0000000082600000| PB 0x0000000082600000| Untracked 
|  39|0x0000000082700000, 0x0000000082800000, 0x0000000082800000|100%| O|  |TAMS 0x0000000082700000| PB 0x0000000082700000| Untracked 
|  40|0x0000000082800000, 0x0000000082900000, 0x0000000082900000|100%|HS|  |TAMS 0x0000000082800000| PB 0x0000000082800000| Complete 
|  41|0x0000000082900000, 0x0000000082a00000, 0x0000000082a00000|100%|HC|  |TAMS 0x0000000082900000| PB 0x0000000082900000| Complete 
|  42|0x0000000082a00000, 0x0000000082b00000, 0x0000000082b00000|100%|HC|  |TAMS 0x0000000082a00000| PB 0x0000000082a00000| Complete 
|  43|0x0000000082b00000, 0x0000000082c00000, 0x0000000082c00000|100%|HC|  |TAMS 0x0000000082b00000| PB 0x0000000082b00000| Complete 
|  44|0x0000000082c00000, 0x0000000082d00000, 0x0000000082d00000|100%|HC|  |TAMS 0x0000000082c00000| PB 0x0000000082c00000| Complete 
|  45|0x0000000082d00000, 0x0000000082e00000, 0x0000000082e00000|100%|HC|  |TAMS 0x0000000082d00000| PB 0x0000000082d00000| Complete 
|  46|0x0000000082e00000, 0x0000000082f00000, 0x0000000082f00000|100%|HS|  |TAMS 0x0000000082e00000| PB 0x0000000082e00000| Complete 
|  47|0x0000000082f00000, 0x0000000083000000, 0x0000000083000000|100%|HS|  |TAMS 0x0000000082f00000| PB 0x0000000082f00000| Complete 
|  48|0x0000000083000000, 0x0000000083100000, 0x0000000083100000|100%|HC|  |TAMS 0x0000000083000000| PB 0x0000000083000000| Complete 
|  49|0x0000000083100000, 0x0000000083200000, 0x0000000083200000|100%|HC|  |TAMS 0x0000000083100000| PB 0x0000000083100000| Complete 
|  50|0x0000000083200000, 0x0000000083300000, 0x0000000083300000|100%|HC|  |TAMS 0x0000000083200000| PB 0x0000000083200000| Complete 
|  51|0x0000000083300000, 0x0000000083400000, 0x0000000083400000|100%|HS|  |TAMS 0x0000000083300000| PB 0x0000000083300000| Complete 
|  52|0x0000000083400000, 0x0000000083500000, 0x0000000083500000|100%|HC|  |TAMS 0x0000000083400000| PB 0x0000000083400000| Complete 
|  53|0x0000000083500000, 0x0000000083600000, 0x0000000083600000|100%| O|  |TAMS 0x0000000083500000| PB 0x0000000083500000| Untracked 
|  54|0x0000000083600000, 0x0000000083700000, 0x0000000083700000|100%| O|  |TAMS 0x0000000083600000| PB 0x0000000083600000| Untracked 
|  55|0x0000000083700000, 0x0000000083800000, 0x0000000083800000|100%| O|  |TAMS 0x0000000083700000| PB 0x0000000083700000| Untracked 
|  56|0x0000000083800000, 0x0000000083900000, 0x0000000083900000|100%| O|  |TAMS 0x0000000083800000| PB 0x0000000083800000| Untracked 
|  57|0x0000000083900000, 0x0000000083a00000, 0x0000000083a00000|100%| O|  |TAMS 0x0000000083900000| PB 0x0000000083900000| Untracked 
|  58|0x0000000083a00000, 0x0000000083b00000, 0x0000000083b00000|100%| O|  |TAMS 0x0000000083a00000| PB 0x0000000083a00000| Untracked 
|  59|0x0000000083b00000, 0x0000000083c00000, 0x0000000083c00000|100%| O|Cm|TAMS 0x0000000083b00000| PB 0x0000000083b00000| Complete 
|  60|0x0000000083c00000, 0x0000000083d00000, 0x0000000083d00000|100%| O|  |TAMS 0x0000000083c00000| PB 0x0000000083c00000| Untracked 
|  61|0x0000000083d00000, 0x0000000083e00000, 0x0000000083e00000|100%|HS|  |TAMS 0x0000000083d00000| PB 0x0000000083d00000| Complete 
|  62|0x0000000083e00000, 0x0000000083f00000, 0x0000000083f00000|100%|HC|  |TAMS 0x0000000083e00000| PB 0x0000000083e00000| Complete 
|  63|0x0000000083f00000, 0x0000000084000000, 0x0000000084000000|100%|HS|  |TAMS 0x0000000083f00000| PB 0x0000000083f00000| Complete 
|  64|0x0000000084000000, 0x0000000084100000, 0x0000000084100000|100%| O|  |TAMS 0x0000000084000000| PB 0x0000000084000000| Untracked 
|  65|0x0000000084100000, 0x0000000084100000, 0x0000000084200000|  0%| F|  |TAMS 0x0000000084100000| PB 0x0000000084100000| Untracked 
|  66|0x0000000084200000, 0x0000000084300000, 0x0000000084300000|100%|HS|  |TAMS 0x0000000084200000| PB 0x0000000084200000| Complete 
|  67|0x0000000084300000, 0x0000000084400000, 0x0000000084400000|100%|HC|  |TAMS 0x0000000084300000| PB 0x0000000084300000| Complete 
|  68|0x0000000084400000, 0x0000000084500000, 0x0000000084500000|100%|HC|  |TAMS 0x0000000084400000| PB 0x0000000084400000| Complete 
|  69|0x0000000084500000, 0x0000000084600000, 0x0000000084600000|100%|HC|  |TAMS 0x0000000084500000| PB 0x0000000084500000| Complete 
|  70|0x0000000084600000, 0x0000000084700000, 0x0000000084700000|100%|HC|  |TAMS 0x0000000084600000| PB 0x0000000084600000| Complete 
|  71|0x0000000084700000, 0x0000000084800000, 0x0000000084800000|100%|HC|  |TAMS 0x0000000084700000| PB 0x0000000084700000| Complete 
|  72|0x0000000084800000, 0x0000000084900000, 0x0000000084900000|100%|HS|  |TAMS 0x0000000084800000| PB 0x0000000084800000| Complete 
|  73|0x0000000084900000, 0x0000000084a00000, 0x0000000084a00000|100%|HC|  |TAMS 0x0000000084900000| PB 0x0000000084900000| Complete 
|  74|0x0000000084a00000, 0x0000000084b00000, 0x0000000084b00000|100%|HC|  |TAMS 0x0000000084a00000| PB 0x0000000084a00000| Complete 
|  75|0x0000000084b00000, 0x0000000084c00000, 0x0000000084c00000|100%|HC|  |TAMS 0x0000000084b00000| PB 0x0000000084b00000| Complete 
|  76|0x0000000084c00000, 0x0000000084d00000, 0x0000000084d00000|100%|HC|  |TAMS 0x0000000084c00000| PB 0x0000000084c00000| Complete 
|  77|0x0000000084d00000, 0x0000000084e00000, 0x0000000084e00000|100%|HC|  |TAMS 0x0000000084d00000| PB 0x0000000084d00000| Complete 
|  78|0x0000000084e00000, 0x0000000084f00000, 0x0000000084f00000|100%|HS|  |TAMS 0x0000000084e00000| PB 0x0000000084e00000| Complete 
|  79|0x0000000084f00000, 0x0000000085000000, 0x0000000085000000|100%| O|  |TAMS 0x0000000084f00000| PB 0x0000000084f00000| Untracked 
|  80|0x0000000085000000, 0x0000000085100000, 0x0000000085100000|100%| O|  |TAMS 0x0000000085000000| PB 0x0000000085000000| Untracked 
|  81|0x0000000085100000, 0x0000000085200000, 0x0000000085200000|100%| O|  |TAMS 0x0000000085100000| PB 0x0000000085100000| Untracked 
|  82|0x0000000085200000, 0x0000000085300000, 0x0000000085300000|100%| O|  |TAMS 0x0000000085200000| PB 0x0000000085200000| Untracked 
|  83|0x0000000085300000, 0x0000000085400000, 0x0000000085400000|100%| O|  |TAMS 0x0000000085300000| PB 0x0000000085300000| Untracked 
|  84|0x0000000085400000, 0x0000000085500000, 0x0000000085500000|100%| O|  |TAMS 0x0000000085400000| PB 0x0000000085400000| Untracked 
|  85|0x0000000085500000, 0x0000000085600000, 0x0000000085600000|100%| O|  |TAMS 0x0000000085500000| PB 0x0000000085500000| Untracked 
|  86|0x0000000085600000, 0x000000008568c6b8, 0x0000000085700000| 54%| O|  |TAMS 0x0000000085600000| PB 0x0000000085600000| Untracked 
|  87|0x0000000085700000, 0x0000000085700000, 0x0000000085800000|  0%| F|  |TAMS 0x0000000085700000| PB 0x0000000085700000| Untracked 
|  88|0x0000000085800000, 0x0000000085800000, 0x0000000085900000|  0%| F|  |TAMS 0x0000000085800000| PB 0x0000000085800000| Untracked 
|  89|0x0000000085900000, 0x0000000085900000, 0x0000000085a00000|  0%| F|  |TAMS 0x0000000085900000| PB 0x0000000085900000| Untracked 
|  90|0x0000000085a00000, 0x0000000085a00000, 0x0000000085b00000|  0%| F|  |TAMS 0x0000000085a00000| PB 0x0000000085a00000| Untracked 
|  91|0x0000000085b00000, 0x0000000085b00000, 0x0000000085c00000|  0%| F|  |TAMS 0x0000000085b00000| PB 0x0000000085b00000| Untracked 
|  92|0x0000000085c00000, 0x0000000085c00000, 0x0000000085d00000|  0%| F|  |TAMS 0x0000000085c00000| PB 0x0000000085c00000| Untracked 
|  93|0x0000000085d00000, 0x0000000085d00000, 0x0000000085e00000|  0%| F|  |TAMS 0x0000000085d00000| PB 0x0000000085d00000| Untracked 
|  94|0x0000000085e00000, 0x0000000085e00000, 0x0000000085f00000|  0%| F|  |TAMS 0x0000000085e00000| PB 0x0000000085e00000| Untracked 
|  95|0x0000000085f00000, 0x0000000085f00000, 0x0000000086000000|  0%| F|  |TAMS 0x0000000085f00000| PB 0x0000000085f00000| Untracked 
|  96|0x0000000086000000, 0x0000000086000000, 0x0000000086100000|  0%| F|  |TAMS 0x0000000086000000| PB 0x0000000086000000| Untracked 
|  97|0x0000000086100000, 0x0000000086100000, 0x0000000086200000|  0%| F|  |TAMS 0x0000000086100000| PB 0x0000000086100000| Untracked 
|  98|0x0000000086200000, 0x0000000086200000, 0x0000000086300000|  0%| F|  |TAMS 0x0000000086200000| PB 0x0000000086200000| Untracked 
|  99|0x0000000086300000, 0x0000000086300000, 0x0000000086400000|  0%| F|  |TAMS 0x0000000086300000| PB 0x0000000086300000| Untracked 
| 100|0x0000000086400000, 0x0000000086400000, 0x0000000086500000|  0%| F|  |TAMS 0x0000000086400000| PB 0x0000000086400000| Untracked 
| 101|0x0000000086500000, 0x0000000086500000, 0x0000000086600000|  0%| F|  |TAMS 0x0000000086500000| PB 0x0000000086500000| Untracked 
| 102|0x0000000086600000, 0x0000000086600000, 0x0000000086700000|  0%| F|  |TAMS 0x0000000086600000| PB 0x0000000086600000| Untracked 
| 103|0x0000000086700000, 0x0000000086700000, 0x0000000086800000|  0%| F|  |TAMS 0x0000000086700000| PB 0x0000000086700000| Untracked 
| 104|0x0000000086800000, 0x0000000086800000, 0x0000000086900000|  0%| F|  |TAMS 0x0000000086800000| PB 0x0000000086800000| Untracked 
| 105|0x0000000086900000, 0x0000000086900000, 0x0000000086a00000|  0%| F|  |TAMS 0x0000000086900000| PB 0x0000000086900000| Untracked 
| 106|0x0000000086a00000, 0x0000000086a00000, 0x0000000086b00000|  0%| F|  |TAMS 0x0000000086a00000| PB 0x0000000086a00000| Untracked 
| 107|0x0000000086b00000, 0x0000000086b00000, 0x0000000086c00000|  0%| F|  |TAMS 0x0000000086b00000| PB 0x0000000086b00000| Untracked 
| 108|0x0000000086c00000, 0x0000000086c00000, 0x0000000086d00000|  0%| F|  |TAMS 0x0000000086c00000| PB 0x0000000086c00000| Untracked 
| 109|0x0000000086d00000, 0x0000000086d00000, 0x0000000086e00000|  0%| F|  |TAMS 0x0000000086d00000| PB 0x0000000086d00000| Untracked 
| 110|0x0000000086e00000, 0x0000000086e00000, 0x0000000086f00000|  0%| F|  |TAMS 0x0000000086e00000| PB 0x0000000086e00000| Untracked 
| 111|0x0000000086f00000, 0x0000000086f00000, 0x0000000087000000|  0%| F|  |TAMS 0x0000000086f00000| PB 0x0000000086f00000| Untracked 
| 112|0x0000000087000000, 0x0000000087000000, 0x0000000087100000|  0%| F|  |TAMS 0x0000000087000000| PB 0x0000000087000000| Untracked 
| 113|0x0000000087100000, 0x0000000087100000, 0x0000000087200000|  0%| F|  |TAMS 0x0000000087100000| PB 0x0000000087100000| Untracked 
| 114|0x0000000087200000, 0x0000000087200000, 0x0000000087300000|  0%| F|  |TAMS 0x0000000087200000| PB 0x0000000087200000| Untracked 
| 115|0x0000000087300000, 0x0000000087300000, 0x0000000087400000|  0%| F|  |TAMS 0x0000000087300000| PB 0x0000000087300000| Untracked 
| 116|0x0000000087400000, 0x0000000087400000, 0x0000000087500000|  0%| F|  |TAMS 0x0000000087400000| PB 0x0000000087400000| Untracked 
| 117|0x0000000087500000, 0x0000000087500000, 0x0000000087600000|  0%| F|  |TAMS 0x0000000087500000| PB 0x0000000087500000| Untracked 
| 118|0x0000000087600000, 0x000000008767c898, 0x0000000087700000| 48%| E|  |TAMS 0x0000000087600000| PB 0x0000000087600000| Complete 
| 119|0x0000000087700000, 0x0000000087800000, 0x0000000087800000|100%| E|CS|TAMS 0x0000000087700000| PB 0x0000000087700000| Complete 
| 120|0x0000000087800000, 0x0000000087900000, 0x0000000087900000|100%| E|CS|TAMS 0x0000000087800000| PB 0x0000000087800000| Complete 
| 121|0x0000000087900000, 0x00000000879fdc60, 0x0000000087a00000| 99%| S|CS|TAMS 0x0000000087900000| PB 0x0000000087900000| Complete 
| 122|0x0000000087a00000, 0x0000000087b00000, 0x0000000087b00000|100%| S|CS|TAMS 0x0000000087a00000| PB 0x0000000087a00000| Complete 
| 123|0x0000000087b00000, 0x0000000087c00000, 0x0000000087c00000|100%| S|CS|TAMS 0x0000000087b00000| PB 0x0000000087b00000| Complete 
| 124|0x0000000087c00000, 0x0000000087d00000, 0x0000000087d00000|100%| E|CS|TAMS 0x0000000087c00000| PB 0x0000000087c00000| Complete 
| 125|0x0000000087d00000, 0x0000000087e00000, 0x0000000087e00000|100%| E|  |TAMS 0x0000000087d00000| PB 0x0000000087d00000| Complete 
| 126|0x0000000087e00000, 0x0000000087f00000, 0x0000000087f00000|100%| E|CS|TAMS 0x0000000087e00000| PB 0x0000000087e00000| Complete 
| 127|0x0000000087f00000, 0x0000000088000000, 0x0000000088000000|100%| E|CS|TAMS 0x0000000087f00000| PB 0x0000000087f00000| Complete 
| 128|0x0000000088000000, 0x0000000088100000, 0x0000000088100000|100%| E|CS|TAMS 0x0000000088000000| PB 0x0000000088000000| Complete 
| 129|0x0000000088100000, 0x0000000088200000, 0x0000000088200000|100%| E|CS|TAMS 0x0000000088100000| PB 0x0000000088100000| Complete 
| 130|0x0000000088200000, 0x0000000088300000, 0x0000000088300000|100%| E|CS|TAMS 0x0000000088200000| PB 0x0000000088200000| Complete 
| 131|0x0000000088300000, 0x0000000088400000, 0x0000000088400000|100%| E|CS|TAMS 0x0000000088300000| PB 0x0000000088300000| Complete 
| 132|0x0000000088400000, 0x0000000088500000, 0x0000000088500000|100%| E|CS|TAMS 0x0000000088400000| PB 0x0000000088400000| Complete 
| 133|0x0000000088500000, 0x0000000088600000, 0x0000000088600000|100%| E|CS|TAMS 0x0000000088500000| PB 0x0000000088500000| Complete 
| 134|0x0000000088600000, 0x0000000088700000, 0x0000000088700000|100%| E|CS|TAMS 0x0000000088600000| PB 0x0000000088600000| Complete 
| 135|0x0000000088700000, 0x0000000088800000, 0x0000000088800000|100%| E|CS|TAMS 0x0000000088700000| PB 0x0000000088700000| Complete 
| 136|0x0000000088800000, 0x0000000088900000, 0x0000000088900000|100%| E|CS|TAMS 0x0000000088800000| PB 0x0000000088800000| Complete 
| 137|0x0000000088900000, 0x0000000088a00000, 0x0000000088a00000|100%| E|CS|TAMS 0x0000000088900000| PB 0x0000000088900000| Complete 
| 138|0x0000000088a00000, 0x0000000088b00000, 0x0000000088b00000|100%| E|CS|TAMS 0x0000000088a00000| PB 0x0000000088a00000| Complete 
| 225|0x000000008e100000, 0x000000008e200000, 0x000000008e200000|100%| E|CS|TAMS 0x000000008e100000| PB 0x000000008e100000| Complete 
| 226|0x000000008e200000, 0x000000008e300000, 0x000000008e300000|100%| E|CS|TAMS 0x000000008e200000| PB 0x000000008e200000| Complete 
| 227|0x000000008e300000, 0x000000008e400000, 0x000000008e400000|100%| E|CS|TAMS 0x000000008e300000| PB 0x000000008e300000| Complete 
| 228|0x000000008e400000, 0x000000008e500000, 0x000000008e500000|100%| E|CS|TAMS 0x000000008e400000| PB 0x000000008e400000| Complete 
| 229|0x000000008e500000, 0x000000008e600000, 0x000000008e600000|100%| E|CS|TAMS 0x000000008e500000| PB 0x000000008e500000| Complete 
| 230|0x000000008e600000, 0x000000008e700000, 0x000000008e700000|100%| E|CS|TAMS 0x000000008e600000| PB 0x000000008e600000| Complete 
| 231|0x000000008e700000, 0x000000008e800000, 0x000000008e800000|100%| E|CS|TAMS 0x000000008e700000| PB 0x000000008e700000| Complete 
| 232|0x000000008e800000, 0x000000008e900000, 0x000000008e900000|100%| E|CS|TAMS 0x000000008e800000| PB 0x000000008e800000| Complete 
| 250|0x000000008fa00000, 0x000000008fb00000, 0x000000008fb00000|100%| E|CS|TAMS 0x000000008fa00000| PB 0x000000008fa00000| Complete 
| 251|0x000000008fb00000, 0x000000008fc00000, 0x000000008fc00000|100%| E|CS|TAMS 0x000000008fb00000| PB 0x000000008fb00000| Complete 
|2042|0x00000000ffa00000, 0x00000000ffb00000, 0x00000000ffb00000|100%| O|Cm|TAMS 0x00000000ffa00000| PB 0x00000000ffa00000| Complete 
|2043|0x00000000ffb00000, 0x00000000ffc00000, 0x00000000ffc00000|100%| O|  |TAMS 0x00000000ffb00000| PB 0x00000000ffb00000| Untracked 
|2044|0x00000000ffc00000, 0x00000000ffd00000, 0x00000000ffd00000|100%| O|  |TAMS 0x00000000ffc00000| PB 0x00000000ffc00000| Untracked 
|2045|0x00000000ffd00000, 0x00000000ffe00000, 0x00000000ffe00000|100%| E|CS|TAMS 0x00000000ffd00000| PB 0x00000000ffd00000| Complete 
|2046|0x00000000ffe00000, 0x00000000fff00000, 0x00000000fff00000|100%| O|  |TAMS 0x00000000ffe00000| PB 0x00000000ffe00000| Untracked 
|2047|0x00000000fff00000, 0x0000000100000000, 0x0000000100000000|100%| O|  |TAMS 0x00000000fff00000| PB 0x00000000fff00000| Untracked 

Card table byte_map: [0x000001ea2afc0000,0x000001ea2b3c0000] _byte_map_base: 0x000001ea2abc0000

Marking Bits: (CMBitMap*) 0x000001ea185743c0
 Bits: [0x000001ea2b3c0000, 0x000001ea2d3c0000)

Polling page: 0x000001ea16300000

Metaspace:

Usage:
  Non-class:     59.38 MB used.
      Class:      9.59 MB used.
       Both:     68.97 MB used.

Virtual space:
  Non-class space:       64.00 MB reserved,      60.25 MB ( 94%) committed,  1 nodes.
      Class space:        1.00 GB reserved,      10.44 MB (  1%) committed,  1 nodes.
             Both:        1.06 GB reserved,      70.69 MB (  6%) committed. 

Chunk freelists:
   Non-Class:  3.69 MB
       Class:  5.55 MB
        Both:  9.24 MB

MaxMetaspaceSize: unlimited
CompressedClassSpaceSize: 1.00 GB
Initial GC threshold: 21.00 MB
Current GC threshold: 107.12 MB
CDS: off
 - commit_granule_bytes: 65536.
 - commit_granule_words: 8192.
 - virtual_space_node_default_size: 8388608.
 - enlarge_chunks_in_place: 1.
 - use_allocation_guard: 0.


Internal statistics:

num_allocs_failed_limit: 6.
num_arena_births: 3250.
num_arena_deaths: 0.
num_vsnodes_births: 2.
num_vsnodes_deaths: 0.
num_space_committed: 1131.
num_space_uncommitted: 0.
num_chunks_returned_to_freelist: 6.
num_chunks_taken_from_freelist: 6183.
num_chunk_merges: 6.
num_chunk_splits: 4013.
num_chunks_enlarged: 2443.
num_inconsistent_stats: 0.

CodeHeap 'non-profiled nmethods': size=120000Kb used=3148Kb max_used=3148Kb free=116851Kb
 bounds [0x000001ea23140000, 0x000001ea23460000, 0x000001ea2a670000]
CodeHeap 'profiled nmethods': size=120000Kb used=9895Kb max_used=9895Kb free=110104Kb
 bounds [0x000001ea1b670000, 0x000001ea1c020000, 0x000001ea22ba0000]
CodeHeap 'non-nmethods': size=5760Kb used=2746Kb max_used=2777Kb free=3013Kb
 bounds [0x000001ea22ba0000, 0x000001ea22e60000, 0x000001ea23140000]
 total_blobs=6304 nmethods=5414 adapters=794
 compilation: enabled
              stopped_count=0, restarted_count=0
 full_count=0

Compilation events (20 events):
Event: 43.772 Thread 0x000001ea301d6e80 nmethod 6323 0x000001ea1c00af10 code [0x000001ea1c00b0e0, 0x000001ea1c00b3c0]
Event: 43.773 Thread 0x000001ea301d6e80 6310       3       java.util.stream.Nodes::builder (8 bytes)
Event: 43.774 Thread 0x000001ea301d6e80 nmethod 6310 0x000001ea1c00b510 code [0x000001ea1c00b6e0, 0x000001ea1c00baa0]
Event: 43.774 Thread 0x000001ea301d6e80 6311       3       java.util.stream.Nodes$SpinedNodeBuilder::<init> (10 bytes)
Event: 43.775 Thread 0x000001ea301d6e80 nmethod 6311 0x000001ea1c00bc10 code [0x000001ea1c00bdc0, 0x000001ea1c00c0e0]
Event: 43.780 Thread 0x000001ea306ca6f0 nmethod 6322 0x000001ea23451a10 code [0x000001ea23451be0, 0x000001ea23452080]
Event: 43.780 Thread 0x000001ea306ca6f0 6307       4       java.lang.String::<init> (22 bytes)
Event: 43.783 Thread 0x000001ea306ca6f0 nmethod 6307 0x000001ea23452290 code [0x000001ea23452440, 0x000001ea234525c8]
Event: 43.798 Thread 0x000001ea301d6e80 6326       3       java.lang.Long::bitCount (61 bytes)
Event: 43.799 Thread 0x000001ea301d6e80 nmethod 6326 0x000001ea1c00c210 code [0x000001ea1c00c3a0, 0x000001ea1c00c510]
Event: 43.801 Thread 0x000001ea306ca6f0 6327       4       java.lang.Long::bitCount (61 bytes)
Event: 43.802 Thread 0x000001ea301d6e80 6328       3       java.util.BitSet::recalculateWordsInUse (39 bytes)
Event: 43.802 Thread 0x000001ea306ca6f0 nmethod 6327 0x000001ea23452790 code [0x000001ea23452900, 0x000001ea234529e0]
Event: 43.803 Thread 0x000001ea301d6e80 nmethod 6328 0x000001ea1c00c590 code [0x000001ea1c00c740, 0x000001ea1c00c968]
Event: 43.829 Thread 0x000001ea301d6e80 6329       3       sun.reflect.generics.tree.Wildcard::accept (8 bytes)
Event: 43.832 Thread 0x000001ea301d6e80 nmethod 6329 0x000001ea1c00ca90 code [0x000001ea1c00cc80, 0x000001ea1c00d128]
Event: 43.832 Thread 0x000001ea301d6e80 6330       3       sun.reflect.generics.visitor.Reifier::visitWildcard (22 bytes)
Event: 43.835 Thread 0x000001ea301d6e80 nmethod 6330 0x000001ea1c00d390 code [0x000001ea1c00d580, 0x000001ea1c00d980]
Event: 43.835 Thread 0x000001ea301d6e80 6331       3       sun.reflect.generics.tree.Wildcard::getLowerBounds (30 bytes)
Event: 43.836 Thread 0x000001ea301d6e80 nmethod 6331 0x000001ea1c00db90 code [0x000001ea1c00dd40, 0x000001ea1c00df70]

GC Heap History (20 events):
Event: 16.310 GC heap before
{Heap before GC invocations=13 (full 0):
 garbage-first heap   total 104448K, used 69114K [0x0000000080000000, 0x0000000100000000)
  region size 1024K, 9 young (9216K), 1 survivors (1024K)
 Metaspace       used 39963K, committed 40896K, reserved 1114112K
  class space    used 5559K, committed 6016K, reserved 1048576K
}
Event: 16.315 GC heap after
{Heap after GC invocations=14 (full 0):
 garbage-first heap   total 104448K, used 61455K [0x0000000080000000, 0x0000000100000000)
  region size 1024K, 1 young (1024K), 1 survivors (1024K)
 Metaspace       used 39963K, committed 40896K, reserved 1114112K
  class space    used 5559K, committed 6016K, reserved 1048576K
}
Event: 19.163 GC heap before
{Heap before GC invocations=14 (full 0):
 garbage-first heap   total 104448K, used 93199K [0x0000000080000000, 0x0000000100000000)
  region size 1024K, 33 young (33792K), 1 survivors (1024K)
 Metaspace       used 46085K, committed 46976K, reserved 1114112K
  class space    used 6224K, committed 6656K, reserved 1048576K
}
Event: 19.175 GC heap after
{Heap after GC invocations=15 (full 0):
 garbage-first heap   total 104448K, used 64882K [0x0000000080000000, 0x0000000100000000)
  region size 1024K, 5 young (5120K), 5 survivors (5120K)
 Metaspace       used 46085K, committed 46976K, reserved 1114112K
  class space    used 6224K, committed 6656K, reserved 1048576K
}
Event: 23.411 GC heap before
{Heap before GC invocations=15 (full 0):
 garbage-first heap   total 104448K, used 90482K [0x0000000080000000, 0x0000000100000000)
  region size 1024K, 31 young (31744K), 5 survivors (5120K)
 Metaspace       used 47197K, committed 48192K, reserved 1114112K
  class space    used 6379K, committed 6848K, reserved 1048576K
}
Event: 23.422 GC heap after
{Heap after GC invocations=16 (full 0):
 garbage-first heap   total 104448K, used 67206K [0x0000000080000000, 0x0000000100000000)
  region size 1024K, 4 young (4096K), 4 survivors (4096K)
 Metaspace       used 47197K, committed 48192K, reserved 1114112K
  class space    used 6379K, committed 6848K, reserved 1048576K
}
Event: 28.006 GC heap before
{Heap before GC invocations=17 (full 0):
 garbage-first heap   total 122880K, used 97926K [0x0000000080000000, 0x0000000100000000)
  region size 1024K, 29 young (29696K), 4 survivors (4096K)
 Metaspace       used 50681K, committed 51776K, reserved 1114112K
  class space    used 6833K, committed 7360K, reserved 1048576K
}
Event: 28.016 GC heap after
{Heap after GC invocations=18 (full 0):
 garbage-first heap   total 122880K, used 68556K [0x0000000080000000, 0x0000000100000000)
  region size 1024K, 3 young (3072K), 3 survivors (3072K)
 Metaspace       used 50681K, committed 51776K, reserved 1114112K
  class space    used 6833K, committed 7360K, reserved 1048576K
}
Event: 29.988 GC heap before
{Heap before GC invocations=18 (full 0):
 garbage-first heap   total 122880K, used 111564K [0x0000000080000000, 0x0000000100000000)
  region size 1024K, 45 young (46080K), 3 survivors (3072K)
 Metaspace       used 55866K, committed 57280K, reserved 1114112K
  class space    used 7701K, committed 8384K, reserved 1048576K
}
Event: 29.997 GC heap after
{Heap after GC invocations=19 (full 0):
 garbage-first heap   total 122880K, used 70423K [0x0000000080000000, 0x0000000100000000)
  region size 1024K, 5 young (5120K), 5 survivors (5120K)
 Metaspace       used 55866K, committed 57280K, reserved 1114112K
  class space    used 7701K, committed 8384K, reserved 1048576K
}
Event: 32.264 GC heap before
{Heap before GC invocations=19 (full 0):
 garbage-first heap   total 122880K, used 81687K [0x0000000080000000, 0x0000000100000000)
  region size 1024K, 18 young (18432K), 5 survivors (5120K)
 Metaspace       used 57074K, committed 58496K, reserved 1114112K
  class space    used 7919K, committed 8576K, reserved 1048576K
}
Event: 32.276 GC heap after
{Heap after GC invocations=20 (full 0):
 garbage-first heap   total 122880K, used 72168K [0x0000000080000000, 0x0000000100000000)
  region size 1024K, 4 young (4096K), 4 survivors (4096K)
 Metaspace       used 57074K, committed 58496K, reserved 1114112K
  class space    used 7919K, committed 8576K, reserved 1048576K
}
Event: 38.101 GC heap before
{Heap before GC invocations=21 (full 0):
 garbage-first heap   total 124928K, used 123368K [0x0000000080000000, 0x0000000100000000)
  region size 1024K, 37 young (37888K), 4 survivors (4096K)
 Metaspace       used 59922K, committed 61568K, reserved 1114112K
  class space    used 8186K, committed 8960K, reserved 1048576K
}
Event: 38.117 GC heap after
{Heap after GC invocations=22 (full 0):
 garbage-first heap   total 133120K, used 93024K [0x0000000080000000, 0x0000000100000000)
  region size 1024K, 6 young (6144K), 6 survivors (6144K)
 Metaspace       used 59922K, committed 61568K, reserved 1114112K
  class space    used 8186K, committed 8960K, reserved 1048576K
}
Event: 39.952 GC heap before
{Heap before GC invocations=22 (full 0):
 garbage-first heap   total 133120K, used 119648K [0x0000000080000000, 0x0000000100000000)
  region size 1024K, 32 young (32768K), 6 survivors (6144K)
 Metaspace       used 60035K, committed 61632K, reserved 1114112K
  class space    used 8201K, committed 8960K, reserved 1048576K
}
Event: 39.963 GC heap after
{Heap after GC invocations=23 (full 0):
 garbage-first heap   total 133120K, used 93705K [0x0000000080000000, 0x0000000100000000)
  region size 1024K, 1 young (1024K), 1 survivors (1024K)
 Metaspace       used 60035K, committed 61632K, reserved 1114112K
  class space    used 8201K, committed 8960K, reserved 1048576K
}
Event: 41.460 GC heap before
{Heap before GC invocations=23 (full 0):
 garbage-first heap   total 133120K, used 124425K [0x0000000080000000, 0x0000000100000000)
  region size 1024K, 31 young (31744K), 1 survivors (1024K)
 Metaspace       used 64104K, committed 65728K, reserved 1114112K
  class space    used 8789K, committed 9600K, reserved 1048576K
}
Event: 41.466 GC heap after
{Heap after GC invocations=24 (full 0):
 garbage-first heap   total 133120K, used 94315K [0x0000000080000000, 0x0000000100000000)
  region size 1024K, 2 young (2048K), 2 survivors (2048K)
 Metaspace       used 64104K, committed 65728K, reserved 1114112K
  class space    used 8789K, committed 9600K, reserved 1048576K
}
Event: 42.882 GC heap before
{Heap before GC invocations=25 (full 0):
 garbage-first heap   total 158720K, used 120939K [0x0000000080000000, 0x0000000100000000)
  region size 1024K, 28 young (28672K), 2 survivors (2048K)
 Metaspace       used 67702K, committed 69376K, reserved 1114112K
  class space    used 9350K, committed 10176K, reserved 1048576K
}
Event: 42.891 GC heap after
{Heap after GC invocations=26 (full 0):
 garbage-first heap   total 158720K, used 95784K [0x0000000080000000, 0x0000000100000000)
  region size 1024K, 3 young (3072K), 3 survivors (3072K)
 Metaspace       used 67702K, committed 69376K, reserved 1114112K
  class space    used 9350K, committed 10176K, reserved 1048576K
}

Dll operation events (3 events):
Event: 0.035 Loaded shared library D:\ANDROID STUDIOS\jbr\bin\java.dll
Event: 0.047 Loaded shared library D:\ANDROID STUDIOS\jbr\bin\zip.dll
Event: 2.339 Loaded shared library D:\ANDROID STUDIOS\jbr\bin\verify.dll

Deoptimization events (20 events):
Event: 43.000 Thread 0x000001ea362287a0 DEOPT PACKING pc=0x000001ea232e3b4c sp=0x00000021d9ff7e10
Event: 43.000 Thread 0x000001ea362287a0 DEOPT UNPACKING pc=0x000001ea22bf46a2 sp=0x00000021d9ff7d20 mode 2
Event: 43.000 Thread 0x000001ea362287a0 Uncommon trap: trap_request=0xffffff45 fr.pc=0x000001ea233483f0 relative=0x0000000000000230
Event: 43.000 Thread 0x000001ea362287a0 Uncommon trap: reason=unstable_if action=reinterpret pc=0x000001ea233483f0 method=java.util.HashMap.getNode(Ljava/lang/Object;)Ljava/util/HashMap$Node; @ 85 c2
Event: 43.000 Thread 0x000001ea362287a0 DEOPT PACKING pc=0x000001ea233483f0 sp=0x00000021d9ff7da0
Event: 43.000 Thread 0x000001ea362287a0 DEOPT UNPACKING pc=0x000001ea22bf46a2 sp=0x00000021d9ff7d20 mode 2
Event: 43.065 Thread 0x000001ea362287a0 DEOPT PACKING pc=0x000001ea1b6a8eb1 sp=0x00000021d9ff9b80
Event: 43.065 Thread 0x000001ea362287a0 DEOPT UNPACKING pc=0x000001ea22bf4e42 sp=0x00000021d9ff9060 mode 0
Event: 43.405 Thread 0x000001ea362287a0 Uncommon trap: trap_request=0xffffff45 fr.pc=0x000001ea2344aab0 relative=0x0000000000000090
Event: 43.405 Thread 0x000001ea362287a0 Uncommon trap: reason=unstable_if action=reinterpret pc=0x000001ea2344aab0 method=org.gradle.internal.serialize.graph.codecs.BindingsBuilder$producerForSubtypesOf$1.encodingForType(Ljava/lang/Class;)Lorg/gradle/internal/serialize/graph/Codec; @ 27 c2
Event: 43.405 Thread 0x000001ea362287a0 DEOPT PACKING pc=0x000001ea2344aab0 sp=0x00000021d9ff8ba0
Event: 43.405 Thread 0x000001ea362287a0 DEOPT UNPACKING pc=0x000001ea22bf46a2 sp=0x00000021d9ff8aa8 mode 2
Event: 43.470 Thread 0x000001ea362287a0 Uncommon trap: trap_request=0xffffff45 fr.pc=0x000001ea233c0270 relative=0x0000000000000670
Event: 43.470 Thread 0x000001ea362287a0 Uncommon trap: reason=unstable_if action=reinterpret pc=0x000001ea233c0270 method=java.lang.invoke.LambdaForm$BasicType.basicType(C)Ljava/lang/invoke/LambdaForm$BasicType; @ 1 c2
Event: 43.470 Thread 0x000001ea362287a0 DEOPT PACKING pc=0x000001ea233c0270 sp=0x00000021d9ff6c60
Event: 43.470 Thread 0x000001ea362287a0 DEOPT UNPACKING pc=0x000001ea22bf46a2 sp=0x00000021d9ff6b10 mode 2
Event: 43.513 Thread 0x000001ea362287a0 Uncommon trap: trap_request=0xffffffde fr.pc=0x000001ea23362c1c relative=0x000000000000287c
Event: 43.513 Thread 0x000001ea362287a0 Uncommon trap: reason=class_check action=maybe_recompile pc=0x000001ea23362c1c method=java.util.regex.Pattern$CharProperty.study(Ljava/util/regex/Pattern$TreeInfo;)Z @ 25 c2
Event: 43.513 Thread 0x000001ea362287a0 DEOPT PACKING pc=0x000001ea23362c1c sp=0x00000021d9ff8ec0
Event: 43.513 Thread 0x000001ea362287a0 DEOPT UNPACKING pc=0x000001ea22bf46a2 sp=0x00000021d9ff8db8 mode 2

Classes loaded (20 events):
Event: 42.959 Loading class java/io/FileWriter
Event: 42.959 Loading class java/io/FileWriter done
Event: 43.470 Loading class jdk/internal/reflect/MethodHandleBooleanFieldAccessorImpl
Event: 43.471 Loading class jdk/internal/reflect/MethodHandleBooleanFieldAccessorImpl done
Event: 43.485 Loading class java/util/IdentityHashMap$EntrySet
Event: 43.486 Loading class java/util/IdentityHashMap$EntrySet done
Event: 43.486 Loading class java/util/IdentityHashMap$EntryIterator
Event: 43.486 Loading class java/util/IdentityHashMap$IdentityHashMapIterator
Event: 43.486 Loading class java/util/IdentityHashMap$IdentityHashMapIterator done
Event: 43.486 Loading class java/util/IdentityHashMap$EntryIterator done
Event: 43.486 Loading class java/util/IdentityHashMap$EntryIterator$Entry
Event: 43.487 Loading class java/util/IdentityHashMap$EntryIterator$Entry done
Event: 43.681 Loading class java/lang/invoke/SerializedLambda$1
Event: 43.681 Loading class java/lang/invoke/SerializedLambda$1 done
Event: 43.754 Loading class org/xml/sax/Locator
Event: 43.754 Loading class org/xml/sax/Locator done
Event: 43.756 Loading class org/xml/sax/SAXParseException
Event: 43.756 Loading class org/xml/sax/SAXParseException done
Event: 43.761 Loading class org/xml/sax/Attributes
Event: 43.761 Loading class org/xml/sax/Attributes done

Classes unloaded (0 events):
No events

Classes redefined (0 events):
No events

Internal exceptions (20 events):
Event: 42.039 Thread 0x000001ea354d6cc0 Exception <a 'java/lang/NoSuchMethodError'{0x000000008e3ca8b8}: static Lorg/gradle/internal/operations/OperationIdentifier;.<clinit>()V> (0x000000008e3ca8b8) 
thrown [s\src\hotspot\share\prims\jni.cpp, line 1144]
Event: 42.260 Thread 0x000001ea362287a0 Exception <a 'sun/nio/fs/WindowsException'{0x0000000088705730}> (0x0000000088705730) 
thrown [s\src\hotspot\share\prims\jni.cpp, line 537]
Event: 42.261 Thread 0x000001ea362287a0 Exception <a 'sun/nio/fs/WindowsException'{0x0000000088707090}> (0x0000000088707090) 
thrown [s\src\hotspot\share\prims\jni.cpp, line 537]
Event: 42.263 Thread 0x000001ea362287a0 Exception <a 'sun/nio/fs/WindowsException'{0x0000000088710248}> (0x0000000088710248) 
thrown [s\src\hotspot\share\prims\jni.cpp, line 537]
Event: 42.715 Thread 0x000001ea362287a0 Exception <a 'java/lang/NoSuchMethodError'{0x00000000880cf868}: 'void java.lang.invoke.DirectMethodHandle$Holder.invokeStatic(java.lang.Object, java.lang.Object, java.lang.Object, java.lang.Object, java.lang.Object, java.lang.Object, java.lang.Object)'> (0x00000000880cf868) 
thrown [s\src\hotspot\share\interpreter\linkResolver.cpp, line 784]
Event: 43.472 Thread 0x000001ea362287a0 Exception <a 'java/lang/NoSuchMethodError'{0x0000000088564988}: 'void java.lang.invoke.DelegatingMethodHandle$Holder.reinvoke_L(java.lang.Object, java.lang.Object, int)'> (0x0000000088564988) 
thrown [s\src\hotspot\share\interpreter\linkResolver.cpp, line 784]
Event: 43.473 Thread 0x000001ea362287a0 Exception <a 'java/lang/NoSuchMethodError'{0x000000008856bfa0}: 'int java.lang.invoke.Invokers$Holder.invokeExact_MT(java.lang.Object, java.lang.Object, java.lang.Object)'> (0x000000008856bfa0) 
thrown [s\src\hotspot\share\interpreter\linkResolver.cpp, line 784]
Event: 43.477 Thread 0x000001ea362287a0 Exception <a 'java/lang/NoSuchMethodError'{0x0000000088582dd0}: 'void java.lang.invoke.DelegatingMethodHandle$Holder.reinvoke_L(java.lang.Object, java.lang.Object, long)'> (0x0000000088582dd0) 
thrown [s\src\hotspot\share\interpreter\linkResolver.cpp, line 784]
Event: 43.478 Thread 0x000001ea362287a0 Exception <a 'java/lang/NoSuchMethodError'{0x000000008858a600}: 'long java.lang.invoke.Invokers$Holder.invokeExact_MT(java.lang.Object, java.lang.Object, java.lang.Object)'> (0x000000008858a600) 
thrown [s\src\hotspot\share\interpreter\linkResolver.cpp, line 784]
Event: 43.644 Thread 0x000001ea362287a0 Exception <a 'java/lang/NoSuchMethodError'{0x000000008825edb8}: 'void java.lang.invoke.Invokers$Holder.invokeExact_MT(java.lang.Object, java.lang.Object, java.lang.Object, java.lang.Object)'> (0x000000008825edb8) 
thrown [s\src\hotspot\share\interpreter\linkResolver.cpp, line 784]
Event: 43.667 Thread 0x000001ea362287a0 Exception <a 'java/lang/ClassNotFoundException'{0x00000000882d4330}: org/gradle/internal/serialize/codecs/core/ClosureCodec$BrokenScriptBeanInfo> (0x00000000882d4330) 
thrown [s\src\hotspot\share\classfile\systemDictionary.cpp, line 312]
Event: 43.668 Thread 0x000001ea362287a0 Exception <a 'java/lang/ClassNotFoundException'{0x00000000882e4450}: org/gradle/internal/serialize/codecs/core/ClosureCodec$BrokenScriptCustomizer> (0x00000000882e4450) 
thrown [s\src\hotspot\share\classfile\systemDictionary.cpp, line 312]
Event: 43.673 Thread 0x000001ea362287a0 Exception <a 'java/lang/ClassNotFoundException'{0x0000000088100530}: org/gradle/api/invocation/GradleBeanInfo> (0x0000000088100530) 
thrown [s\src\hotspot\share\classfile\systemDictionary.cpp, line 312]
Event: 43.673 Thread 0x000001ea362287a0 Exception <a 'java/lang/ClassNotFoundException'{0x000000008810d870}: org/gradle/api/invocation/GradleCustomizer> (0x000000008810d870) 
thrown [s\src\hotspot\share\classfile\systemDictionary.cpp, line 312]
Event: 43.678 Thread 0x000001ea362287a0 Exception <a 'java/lang/NoSuchMethodError'{0x000000008812fda8}: 'void java.lang.invoke.Invokers$Holder.invokeExact_MT(java.lang.Object, java.lang.Object, int, java.lang.Object)'> (0x000000008812fda8) 
thrown [s\src\hotspot\share\interpreter\linkResolver.cpp, line 784]
Event: 43.685 Thread 0x000001ea362287a0 Exception <a 'java/lang/NoSuchMethodError'{0x00000000881528f0}: 'void java.lang.invoke.Invokers$Holder.invokeExact_MT(java.lang.Object, java.lang.Object, long, java.lang.Object)'> (0x00000000881528f0) 
thrown [s\src\hotspot\share\interpreter\linkResolver.cpp, line 784]
Event: 43.738 Thread 0x000001ea362287a0 Exception <a 'java/lang/ClassNotFoundException'{0x000000008808d0f0}: org/gradle/api/internal/project/DefaultProject_DecoratedBeanInfo> (0x000000008808d0f0) 
thrown [s\src\hotspot\share\classfile\systemDictionary.cpp, line 312]
Event: 43.738 Thread 0x000001ea362287a0 Exception <a 'java/lang/ClassNotFoundException'{0x0000000088099370}: org/gradle/api/internal/project/DefaultProjectBeanInfo> (0x0000000088099370) 
thrown [s\src\hotspot\share\classfile\systemDictionary.cpp, line 312]
Event: 43.739 Thread 0x000001ea362287a0 Exception <a 'java/lang/ClassNotFoundException'{0x00000000880a56a8}: org/gradle/api/internal/project/DefaultProjectCustomizer> (0x00000000880a56a8) 
thrown [s\src\hotspot\share\classfile\systemDictionary.cpp, line 312]
Event: 43.749 Thread 0x000001ea362287a0 Exception <a 'java/lang/ClassNotFoundException'{0x0000000087f63b58}: org/gradle/api/internal/project/DefaultProject_DecoratedCustomizer> (0x0000000087f63b58) 
thrown [s\src\hotspot\share\classfile\systemDictionary.cpp, line 312]

ZGC Phase Switch (0 events):
No events

VM Operations (20 events):
Event: 40.967 Executing VM operation: Cleanup
Event: 40.968 Executing VM operation: Cleanup done
Event: 41.460 Executing VM operation: G1CollectForAllocation (G1 Evacuation Pause)
Event: 41.466 Executing VM operation: G1CollectForAllocation (G1 Evacuation Pause) done
Event: 41.551 Executing VM operation: G1PauseRemark
Event: 41.559 Executing VM operation: G1PauseRemark done
Event: 41.596 Executing VM operation: G1PauseCleanup
Event: 41.597 Executing VM operation: G1PauseCleanup done
Event: 42.607 Executing VM operation: Cleanup
Event: 42.623 Executing VM operation: Cleanup done
Event: 42.742 Executing VM operation: HandshakeAllThreads (Deoptimize)
Event: 42.742 Executing VM operation: HandshakeAllThreads (Deoptimize) done
Event: 42.882 Executing VM operation: G1CollectForAllocation (G1 Evacuation Pause)
Event: 42.891 Executing VM operation: G1CollectForAllocation (G1 Evacuation Pause) done
Event: 42.961 Executing VM operation: HandshakeAllThreads (Deoptimize)
Event: 42.961 Executing VM operation: HandshakeAllThreads (Deoptimize) done
Event: 43.308 Executing VM operation: HandshakeAllThreads (Deoptimize)
Event: 43.308 Executing VM operation: HandshakeAllThreads (Deoptimize) done
Event: 43.548 Executing VM operation: HandshakeAllThreads (Deoptimize)
Event: 43.548 Executing VM operation: HandshakeAllThreads (Deoptimize) done

Memory protections (0 events):
No events

Nmethod flushes (20 events):
Event: 41.556 Thread 0x000001ea30129840 flushing  nmethod 0x000001ea1bc81610
Event: 41.556 Thread 0x000001ea30129840 flushing  nmethod 0x000001ea1bd7ca10
Event: 41.556 Thread 0x000001ea30129840 flushing  nmethod 0x000001ea23206890
Event: 41.556 Thread 0x000001ea30129840 flushing  nmethod 0x000001ea2328ea10
Event: 41.556 Thread 0x000001ea30129840 flushing  nmethod 0x000001ea1b829490
Event: 41.556 Thread 0x000001ea30129840 flushing  nmethod 0x000001ea1b829c90
Event: 41.556 Thread 0x000001ea30129840 flushing  nmethod 0x000001ea1b82a590
Event: 41.556 Thread 0x000001ea30129840 flushing  nmethod 0x000001ea1b82a890
Event: 41.556 Thread 0x000001ea30129840 flushing  nmethod 0x000001ea1b82e010
Event: 41.556 Thread 0x000001ea30129840 flushing  nmethod 0x000001ea1b8b3b10
Event: 41.556 Thread 0x000001ea30129840 flushing  nmethod 0x000001ea1bc12a10
Event: 41.556 Thread 0x000001ea30129840 flushing  nmethod 0x000001ea1b73d190
Event: 41.556 Thread 0x000001ea30129840 flushing  nmethod 0x000001ea1b7ec110
Event: 41.556 Thread 0x000001ea30129840 flushing  nmethod 0x000001ea1b7ed210
Event: 41.556 Thread 0x000001ea30129840 flushing  nmethod 0x000001ea1b7f4510
Event: 41.556 Thread 0x000001ea30129840 flushing  nmethod 0x000001ea1b9a9510
Event: 41.556 Thread 0x000001ea30129840 flushing  nmethod 0x000001ea1ba38a10
Event: 41.556 Thread 0x000001ea30129840 flushing  nmethod 0x000001ea1ba42710
Event: 41.556 Thread 0x000001ea30129840 flushing  nmethod 0x000001ea1bc95410
Event: 41.556 Thread 0x000001ea30129840 flushing  nmethod 0x000001ea1be8c190

Events (20 events):
Event: 34.258 Thread 0x000001ea362287a0 Thread added: 0x000001ea386b0a40
Event: 34.259 Thread 0x000001ea362287a0 Thread added: 0x000001ea386b10d0
Event: 34.325 Thread 0x000001ea362287a0 Thread added: 0x000001ea386b1760
Event: 34.326 Thread 0x000001ea362287a0 Thread added: 0x000001ea386b2b10
Event: 34.330 Thread 0x000001ea362287a0 Thread added: 0x000001ea3912b320
Event: 34.332 Thread 0x000001ea362287a0 Thread added: 0x000001ea3912da80
Event: 34.333 Thread 0x000001ea362287a0 Thread added: 0x000001ea3912b9b0
Event: 34.334 Thread 0x000001ea362287a0 Thread added: 0x000001ea3912e110
Event: 34.336 Thread 0x000001ea362287a0 Thread added: 0x000001ea3912c040
Event: 34.337 Thread 0x000001ea362287a0 Thread added: 0x000001ea3912c6d0
Event: 34.338 Thread 0x000001ea362287a0 Thread added: 0x000001ea3912cd60
Event: 34.400 Thread 0x000001ea301d47c0 Thread added: 0x000001ea306ca6f0
Event: 34.790 Thread 0x000001ea306ca6f0 Thread exited: 0x000001ea306ca6f0
Event: 37.195 Thread 0x000001ea301d6e80 Thread added: 0x000001ea306cc230
Event: 38.340 Thread 0x000001ea301d6e80 Thread added: 0x000001ea306ca6f0
Event: 38.679 Thread 0x000001ea306ca6f0 Thread exited: 0x000001ea306ca6f0
Event: 39.780 Thread 0x000001ea306cc230 Thread exited: 0x000001ea306cc230
Event: 40.706 Thread 0x000001ea301d6e80 Thread added: 0x000001ea306c9950
Event: 41.872 Thread 0x000001ea306c9950 Thread exited: 0x000001ea306c9950
Event: 43.768 Thread 0x000001ea301d6e80 Thread added: 0x000001ea306ca6f0


Dynamic libraries:
0x00007ff70e050000 - 0x00007ff70e05a000 	D:\ANDROID STUDIOS\jbr\bin\java.exe
0x00007ff897900000 - 0x00007ff897b69000 	C:\WINDOWS\SYSTEM32\ntdll.dll
0x00007ff895f20000 - 0x00007ff895fe9000 	C:\WINDOWS\System32\KERNEL32.DLL
0x00007ff8952a0000 - 0x00007ff895693000 	C:\WINDOWS\System32\KERNELBASE.dll
0x00007ff894bc0000 - 0x00007ff894d0b000 	C:\WINDOWS\System32\ucrtbase.dll
0x00007ff8790b0000 - 0x00007ff8790c8000 	D:\ANDROID STUDIOS\jbr\bin\jli.dll
0x00007ff875200000 - 0x00007ff87521b000 	D:\ANDROID STUDIOS\jbr\bin\VCRUNTIME140.dll
0x00007ff896a50000 - 0x00007ff896c14000 	C:\WINDOWS\System32\USER32.dll
0x00007ff876b10000 - 0x00007ff876da3000 	C:\WINDOWS\WinSxS\amd64_microsoft.windows.common-controls_6595b64144ccf1df_6.0.26100.5074_none_3e0d6f78e32fd63f\COMCTL32.dll
0x00007ff897310000 - 0x00007ff8973b9000 	C:\WINDOWS\System32\msvcrt.dll
0x00007ff896a10000 - 0x00007ff896a3b000 	C:\WINDOWS\System32\GDI32.dll
0x00007ff8956a0000 - 0x00007ff8956c7000 	C:\WINDOWS\System32\win32u.dll
0x00007ff894a90000 - 0x00007ff894bbd000 	C:\WINDOWS\System32\gdi32full.dll
0x00007ff895130000 - 0x00007ff8951d3000 	C:\WINDOWS\System32\msvcp_win.dll
0x00007ff896ec0000 - 0x00007ff896eef000 	C:\WINDOWS\System32\IMM32.DLL
0x00007ff876f70000 - 0x00007ff876f7c000 	D:\ANDROID STUDIOS\jbr\bin\vcruntime140_1.dll
0x00007ff8197c0000 - 0x00007ff81984d000 	D:\ANDROID STUDIOS\jbr\bin\msvcp140.dll
0x00007fffed4e0000 - 0x00007fffee16e000 	D:\ANDROID STUDIOS\jbr\bin\server\jvm.dll
0x00007ff895dd0000 - 0x00007ff895e84000 	C:\WINDOWS\System32\ADVAPI32.dll
0x00007ff895ff0000 - 0x00007ff896096000 	C:\WINDOWS\System32\sechost.dll
0x00007ff896870000 - 0x00007ff896988000 	C:\WINDOWS\System32\RPCRT4.dll
0x00007ff895d50000 - 0x00007ff895dc4000 	C:\WINDOWS\System32\WS2_32.dll
0x00007ff88f400000 - 0x00007ff88f435000 	C:\WINDOWS\SYSTEM32\WINMM.dll
0x00007ff87b730000 - 0x00007ff87b73b000 	C:\WINDOWS\SYSTEM32\VERSION.dll
0x00007ff8948f0000 - 0x00007ff89494e000 	C:\WINDOWS\SYSTEM32\POWRPROF.dll
0x00007ff8948d0000 - 0x00007ff8948e4000 	C:\WINDOWS\SYSTEM32\UMPDC.dll
0x00007ff893870000 - 0x00007ff89388b000 	C:\WINDOWS\SYSTEM32\kernel.appcore.dll
0x00007ff8751f0000 - 0x00007ff8751fa000 	D:\ANDROID STUDIOS\jbr\bin\jimage.dll
0x00007ff892100000 - 0x00007ff892342000 	C:\WINDOWS\SYSTEM32\DBGHELP.DLL
0x00007ff8956d0000 - 0x00007ff895a4b000 	C:\WINDOWS\System32\combase.dll
0x00007ff895c70000 - 0x00007ff895d47000 	C:\WINDOWS\System32\OLEAUT32.dll
0x00007ff856480000 - 0x00007ff8564bd000 	C:\WINDOWS\SYSTEM32\dbgcore.DLL
0x00007ff895000000 - 0x00007ff895099000 	C:\WINDOWS\System32\bcryptPrimitives.dll
0x00007ff87b760000 - 0x00007ff87b76e000 	D:\ANDROID STUDIOS\jbr\bin\instrument.dll
0x00007ff8751d0000 - 0x00007ff8751f0000 	D:\ANDROID STUDIOS\jbr\bin\java.dll
0x00007ff8715d0000 - 0x00007ff8715e8000 	D:\ANDROID STUDIOS\jbr\bin\zip.dll
0x00007ff896120000 - 0x00007ff89686d000 	C:\WINDOWS\System32\SHELL32.dll
0x00007ff894e90000 - 0x00007ff894ffc000 	C:\WINDOWS\System32\wintypes.dll
0x00007ff8926c0000 - 0x00007ff892f19000 	C:\WINDOWS\SYSTEM32\windows.storage.dll
0x00007ff896f60000 - 0x00007ff897050000 	C:\WINDOWS\System32\SHCORE.dll
0x00007ff8969a0000 - 0x00007ff896a02000 	C:\WINDOWS\System32\shlwapi.dll
0x00007ff8949b0000 - 0x00007ff8949d9000 	C:\WINDOWS\SYSTEM32\profapi.dll
0x00007ff8751c0000 - 0x00007ff8751d0000 	D:\ANDROID STUDIOS\jbr\bin\net.dll
0x00007ff884210000 - 0x00007ff88432f000 	C:\WINDOWS\SYSTEM32\WINHTTP.dll
0x00007ff893df0000 - 0x00007ff893e5b000 	C:\WINDOWS\system32\mswsock.dll
0x00007ff865af0000 - 0x00007ff865b06000 	D:\ANDROID STUDIOS\jbr\bin\nio.dll
0x00007ff882ba0000 - 0x00007ff882bb0000 	D:\ANDROID STUDIOS\jbr\bin\verify.dll
0x00007ff8793e0000 - 0x00007ff879407000 	C:\Users\sampa\Downloads\gradle-8.13-bin\native\1def1411415f61bf3af743bc5b6707747c0891f09f0c88961ee8f79bc544acac\windows-amd64\native-platform.dll
0x00007ff854880000 - 0x00007ff8548f8000 	C:\Users\sampa\Downloads\gradle-8.13-bin\native\0.2.7\x86_64-windows-gnu\gradle-fileevents.dll
0x00007ff844940000 - 0x00007ff844949000 	D:\ANDROID STUDIOS\jbr\bin\management.dll
0x00007ff844930000 - 0x00007ff84493b000 	D:\ANDROID STUDIOS\jbr\bin\management_ext.dll
0x00007ff896990000 - 0x00007ff896998000 	C:\WINDOWS\System32\PSAPI.DLL
0x00007ff893240000 - 0x00007ff893274000 	C:\WINDOWS\SYSTEM32\IPHLPAPI.DLL
0x00007ff8973c0000 - 0x00007ff8973ca000 	C:\WINDOWS\System32\NSI.dll
0x00007ff845990000 - 0x00007ff845999000 	D:\ANDROID STUDIOS\jbr\bin\extnet.dll
0x00007ff894090000 - 0x00007ff8940ab000 	C:\WINDOWS\SYSTEM32\CRYPTSP.dll
0x00007ff8937d0000 - 0x00007ff89380b000 	C:\WINDOWS\system32\rsaenh.dll
0x00007ff893e90000 - 0x00007ff893ebb000 	C:\WINDOWS\SYSTEM32\USERENV.dll
0x00007ff894980000 - 0x00007ff8949a6000 	C:\WINDOWS\SYSTEM32\bcrypt.dll
0x00007ff8940b0000 - 0x00007ff8940bc000 	C:\WINDOWS\SYSTEM32\CRYPTBASE.dll
0x00007ff854ee0000 - 0x00007ff854ee8000 	C:\WINDOWS\system32\wshunix.dll

dbghelp: loaded successfully - version: 4.0.5 - missing functions: none
symbol engine: initialized successfully - sym options: 0x614 - pdb path: .;D:\ANDROID STUDIOS\jbr\bin;C:\WINDOWS\SYSTEM32;C:\WINDOWS\WinSxS\amd64_microsoft.windows.common-controls_6595b64144ccf1df_6.0.26100.5074_none_3e0d6f78e32fd63f;D:\ANDROID STUDIOS\jbr\bin\server;C:\Users\sampa\Downloads\gradle-8.13-bin\native\1def1411415f61bf3af743bc5b6707747c0891f09f0c88961ee8f79bc544acac\windows-amd64;C:\Users\sampa\Downloads\gradle-8.13-bin\native\0.2.7\x86_64-windows-gnu

VM Arguments:
jvm_args: --add-opens=java.base/java.lang=ALL-UNNAMED --add-opens=java.base/java.lang.invoke=ALL-UNNAMED --add-opens=java.base/java.util=ALL-UNNAMED --add-opens=java.prefs/java.util.prefs=ALL-UNNAMED --add-exports=jdk.compiler/com.sun.tools.javac.api=ALL-UNNAMED --add-exports=jdk.compiler/com.sun.tools.javac.util=ALL-UNNAMED --add-opens=java.base/java.util=ALL-UNNAMED --add-opens=java.prefs/java.util.prefs=ALL-UNNAMED --add-opens=java.base/java.nio.charset=ALL-UNNAMED --add-opens=java.base/java.net=ALL-UNNAMED --add-opens=java.base/java.util.concurrent.atomic=ALL-UNNAMED --add-opens=java.xml/javax.xml.namespace=ALL-UNNAMED -Xmx2048m -Dfile.encoding=UTF-8 -Duser.country=IN -Duser.language=en -Duser.variant -javaagent:C:\Users\sampa\Downloads\gradle-8.13-bin\wrapper\dists\gradle-8.13-bin\5xuhj0ry160q40clulazy9h7d\gradle-8.13\lib\agents\gradle-instrumentation-agent-8.13.jar 
java_command: org.gradle.launcher.daemon.bootstrap.GradleDaemon 8.13
java_class_path (initial): C:\Users\sampa\Downloads\gradle-8.13-bin\wrapper\dists\gradle-8.13-bin\5xuhj0ry160q40clulazy9h7d\gradle-8.13\lib\gradle-daemon-main-8.13.jar
Launcher Type: SUN_STANDARD

[Global flags]
     intx CICompilerCount                          = 4                                         {product} {ergonomic}
     uint ConcGCThreads                            = 3                                         {product} {ergonomic}
     uint G1ConcRefinementThreads                  = 10                                        {product} {ergonomic}
   size_t G1HeapRegionSize                         = 1048576                                   {product} {ergonomic}
    uintx GCDrainStackTargetSize                   = 64                                        {product} {ergonomic}
   size_t InitialHeapSize                          = 264241152                                 {product} {ergonomic}
   size_t MarkStackSize                            = 4194304                                   {product} {ergonomic}
   size_t MaxHeapSize                              = 2147483648                                {product} {command line}
   size_t MaxNewSize                               = 1287651328                                {product} {ergonomic}
   size_t MinHeapDeltaBytes                        = 1048576                                   {product} {ergonomic}
   size_t MinHeapSize                              = 8388608                                   {product} {ergonomic}
    uintx NonNMethodCodeHeapSize                   = 5839372                                {pd product} {ergonomic}
    uintx NonProfiledCodeHeapSize                  = 122909434                              {pd product} {ergonomic}
    uintx ProfiledCodeHeapSize                     = 122909434                              {pd product} {ergonomic}
    uintx ReservedCodeCacheSize                    = 251658240                              {pd product} {ergonomic}
     bool SegmentedCodeCache                       = true                                      {product} {ergonomic}
   size_t SoftMaxHeapSize                          = 2147483648                             {manageable} {ergonomic}
     bool UseCompressedOops                        = true                           {product lp64_product} {ergonomic}
     bool UseG1GC                                  = true                                      {product} {ergonomic}
     bool UseLargePagesIndividualAllocation        = false                                  {pd product} {ergonomic}

Logging:
Log output configuration:
 #0: stdout all=warning uptime,level,tags foldmultilines=false
 #1: stderr all=off uptime,level,tags foldmultilines=false

Environment Variables:
JAVA_HOME=C:\Program Files\Java\jdk-17
PATH=C:\Program Files\Common Files\Oracle\Java\javapath;C:\WINDOWS\system32;C:\WINDOWS;C:\WINDOWS\System32\Wbem;C:\WINDOWS\System32\WindowsPowerShell\v1.0\;C:\WINDOWS\System32\OpenSSH\;C:\Program Files\dotnet\;C:\MinGW\bin;C:\Program Files\MySQL\MySQL Server 8.0\bin;C:\Program Files (x86)\Tesseract-OCR;C:\Flutter\src\flutter\bin;C:\Program Files\Java\jdk-17\bin;C:\Users\sampa\AppData\Local\Packages\PythonSoftwareFoundation.Python.3.12_qbz5n2kfra8p0\LocalCache\local-packages\Python312\Scripts;D:\;C:\ProgramData\chocolatey\bin;C:\Program Files\Git\cmd;C:\Program Files\MySQL\MySQL Shell 8.0\bin\;C:\Users\sampa\AppData\Local\Microsoft\WindowsApps;C:\Program Files (x86)\Tesseract-OCR;%PyCharm%;C:\Program Files\MySQL\MySQL Server 8.3\bin;C:\Program Files\JetBrains\IntelliJ IDEA Community Edition 2025.1\bin;;C:\Program Files\Git\bin;%PyCharm Community Edition%;D:\Program files\bin;C:\Flutter\src\flutter\bin;C:\Program Files\Java\jdk-17;C:\Users\sampa\AppData\Local\Programs\Microsoft VS Code Insiders\bin;D:\IntelliJ IDEA 2025.1\bin;;C:\Users\sampa\AppData\Roaming\npm
USERNAME=sampa
OS=Windows_NT
PROCESSOR_IDENTIFIER=Intel64 Family 6 Model 154 Stepping 4, GenuineIntel
TMP=C:\Users\sampa\AppData\Local\Temp
TEMP=C:\Users\sampa\AppData\Local\Temp




Periodic native trim disabled

JNI global refs:
JNI global refs: 27, weak refs: 0

JNI global refs memory usage: 835, weak refs: 833

Process memory usage:
Resident Set Size: 363084K (2% of 16454388K total physical memory with 1237300K free physical memory)

OOME stack traces (most recent first):
Classloader memory used:
Loader org.gradle.internal.classloader.VisitableURLClassLoader                         : 35774K
Loader bootstrap                                                                       : 23171K
Loader org.gradle.initialization.MixInLegacyTypesClassLoader                           : 8993K
Loader org.gradle.internal.classloader.VisitableURLClassLoader                         : 894K
Loader org.gradle.internal.classloader.VisitableURLClassLoader$InstrumentingVisitableURLClassLoader: 728K
Loader jdk.internal.loader.ClassLoaders$PlatformClassLoader                            : 514K
Loader jdk.internal.loader.ClassLoaders$AppClassLoader                                 : 233K
Loader jdk.internal.reflect.DelegatingClassLoader                                      : 215K
Loader org.gradle.groovy.scripts.internal.DefaultScriptCompilationHandler$ScriptClassLoader: 88560B
Loader org.codehaus.groovy.runtime.callsite.CallSiteClassLoader                        : 48856B

Classes loaded by more than one classloader:
Class org.gradle.api.GradleException                                                  : loaded 3 times (x 80B)
Class org.gradle.internal.classloader.FilteringClassLoader                            : loaded 2 times (x 103B)
Class org.gradle.internal.classloader.ClassLoaderHierarchy                            : loaded 2 times (x 68B)
Class org.gradle.api.internal.classpath.ManifestUtil                                  : loaded 2 times (x 69B)
Class org.jetbrains.plugins.gradle.model.GradleExtensions                             : loaded 2 times (x 68B)
Class org.jetbrains.plugins.gradle.model.AnnotationProcessingModel                    : loaded 2 times (x 68B)
Class org.gradle.internal.operations.MultipleBuildOperationFailures                   : loaded 2 times (x 93B)
Class org.gradle.internal.classloader.DefaultClassLoaderFactory                       : loaded 2 times (x 80B)
Class kotlin.collections.AbstractList$Companion                                       : loaded 2 times (x 69B)
Class org.gradle.internal.classloader.ClassLoaderVisitor                              : loaded 2 times (x 74B)
Class org.gradle.api.internal.classpath.EffectiveClassPath                            : loaded 2 times (x 88B)
Class org.gradle.tooling.internal.gradle.DefaultProjectIdentifier                     : loaded 2 times (x 84B)
Class org.gradle.api.internal.DefaultClassPathProvider                                : loaded 2 times (x 74B)
Class [Lorg.gradle.api.internal.ClassPathProvider;                                    : loaded 2 times (x 67B)
Class org.gradle.api.internal.ClassPathProvider                                       : loaded 2 times (x 68B)
Class org.gradle.internal.service.UnknownServiceException                             : loaded 2 times (x 81B)
Class org.jetbrains.kotlin.idea.gradleTooling.KotlinDslScriptAdditionalTask           : loaded 2 times (x 68B)
Class org.gradle.internal.classpath.TransformedClassPath                              : loaded 2 times (x 94B)
Class org.gradle.internal.classloader.InstrumentingClassLoader                        : loaded 2 times (x 68B)
Class kotlin.enums.EnumEntriesList                                                    : loaded 2 times (x 221B)
Class org.jetbrains.kotlin.idea.gradleTooling.KotlinSourceSetContainer                : loaded 2 times (x 68B)
Class org.jetbrains.plugins.gradle.model.IntelliJSettings                             : loaded 2 times (x 68B)
Class org.gradle.internal.service.ServiceLocator                                      : loaded 2 times (x 68B)
Class org.gradle.tooling.model.UnsupportedMethodException                             : loaded 2 times (x 80B)
Class com.intellij.compose.ide.plugin.gradleTooling.rt.ComposeResourcesModel          : loaded 2 times (x 68B)
Class org.gradle.internal.InternalTransformer                                         : loaded 2 times (x 68B)
Class org.gradle.internal.time.DefaultTimer                                           : loaded 2 times (x 78B)
Class org.gradle.internal.classloader.ClasspathUtil$1                                 : loaded 2 times (x 74B)
Class org.gradle.api.internal.classpath.DefaultModuleRegistry$DefaultModule           : loaded 2 times (x 84B)
Class org.gradle.internal.time.DefaultCountdownTimer                                  : loaded 2 times (x 86B)
Class org.gradle.tooling.internal.gradle.DefaultBuildIdentifier                       : loaded 2 times (x 77B)
Class kotlin.Function                                                                 : loaded 2 times (x 68B)
Class org.gradle.api.internal.classpath.Module                                        : loaded 2 times (x 68B)
Class org.gradle.api.internal.classpath.UnknownModuleException                        : loaded 2 times (x 80B)
Class com.intellij.openapi.externalSystem.model.project.dependencies.ProjectDependencies: loaded 2 times (x 68B)
Class sync_studio_tooling2_d0mp99r5bt8ntsws9c14fjewe                                  : loaded 2 times (x 177B)
Class org.gradle.tooling.internal.gradle.GradleProjectIdentity                        : loaded 2 times (x 68B)
Class org.gradle.api.internal.DefaultClassPathRegistry                                : loaded 2 times (x 74B)
Class org.gradle.api.internal.ClassPathRegistry                                       : loaded 2 times (x 68B)
Class org.gradle.internal.classpath.DefaultClassPath$ImmutableUniqueList              : loaded 2 times (x 197B)
Class Settings_gradle$1                                                               : loaded 2 times (x 72B)
Class Program                                                                         : loaded 2 times (x 70B)
Class org.gradle.internal.classpath.ClassPath                                         : loaded 2 times (x 68B)
Class org.gradle.api.UncheckedIOException                                             : loaded 2 times (x 80B)
Class org.jetbrains.kotlin.idea.gradleTooling.KotlinGradleModel                       : loaded 2 times (x 68B)
Class ijInit1_7kslc0sl7om8nzs9bt2r3zpl6                                               : loaded 2 times (x 177B)
Class org.gradle.tooling.model.Model                                                  : loaded 2 times (x 68B)
Class kotlin.UninitializedPropertyAccessException                                     : loaded 2 times (x 80B)
Class org.jetbrains.plugins.gradle.model.IntelliJProjectSettings                      : loaded 2 times (x 68B)
Class org.gradle.internal.installation.GradleInstallation$1                           : loaded 2 times (x 73B)
Class org.gradle.api.internal.classpath.ModuleRegistry                                : loaded 2 times (x 68B)
Class org.jetbrains.plugins.gradle.model.VersionCatalogsModel                         : loaded 2 times (x 68B)
Class org.gradle.api.internal.classpath.DefaultModuleRegistry                         : loaded 2 times (x 84B)
Class org.gradle.internal.time.MonotonicClock                                         : loaded 2 times (x 75B)
Class org.gradle.internal.service.ServiceLookupException                              : loaded 2 times (x 80B)
Class org.gradle.internal.classloader.ClassLoaderFactory                              : loaded 2 times (x 68B)
Class org.gradle.internal.service.CachingServiceLocator                               : loaded 2 times (x 80B)
Class org.jetbrains.plugins.gradle.model.RepositoryModels                             : loaded 2 times (x 68B)
Class org.gradle.internal.time.TimeSource                                             : loaded 2 times (x 68B)
Class org.gradle.tooling.internal.gradle.GradleBuildIdentity                          : loaded 2 times (x 68B)
Class kotlin.enums.EnumEntries                                                        : loaded 2 times (x 68B)
Class org.gradle.internal.exceptions.ResolutionProvider                               : loaded 2 times (x 68B)
Class org.gradle.tooling.model.ProjectIdentifier                                      : loaded 2 times (x 68B)
Class org.gradle.internal.classloader.ClasspathUtil                                   : loaded 2 times (x 69B)
Class org.gradle.internal.time.TimeSource$1                                           : loaded 2 times (x 75B)
Class kotlin.jvm.internal.DefaultConstructorMarker                                    : loaded 2 times (x 69B)
Class org.gradle.api.specs.Spec                                                       : loaded 2 times (x 68B)
Class org.gradle.internal.time.Clock                                                  : loaded 2 times (x 68B)
Class kotlin.collections.AbstractList                                                 : loaded 2 times (x 195B)
Class kotlin.collections.AbstractCollection                                           : loaded 2 times (x 115B)
Class org.gradle.internal.classloader.VisitableURLClassLoader$InstrumentingVisitableURLClassLoader: loaded 2 times (x 121B)
Class org.gradle.internal.classloader.VisitableURLClassLoader$Spec                    : loaded 2 times (x 72B)
Class org.gradle.internal.classpath.DefaultClassPath                                  : loaded 2 times (x 88B)
Class org.gradle.internal.classloader.ClassLoaderSpec                                 : loaded 2 times (x 69B)
Class Settings_gradle$1$1                                                             : loaded 2 times (x 72B)
Class kotlin.Unit                                                                     : loaded 2 times (x 69B)
Class org.gradle.internal.classloader.VisitableURLClassLoader                         : loaded 2 times (x 115B)
Class Settings_gradle                                                                 : loaded 2 times (x 126B)
Class org.gradle.internal.Cast                                                        : loaded 2 times (x 69B)
Class org.gradle.api.Action                                                           : loaded 2 times (x 68B)
Class kotlin.jvm.functions.Function1                                                  : loaded 2 times (x 68B)
Class org.gradle.internal.classpath.DefaultClassPath$ImmutableUniqueList$Builder      : loaded 2 times (x 73B)
Class kotlin.NotImplementedError                                                      : loaded 2 times (x 80B)
Class org.gradle.internal.exceptions.NonGradleCauseExceptionsHolder                   : loaded 2 times (x 68B)
Class org.jetbrains.plugins.gradle.tooling.ModelBuilderService$Parameter              : loaded 2 times (x 68B)
Class kotlin.enums.EnumEntriesKt                                                      : loaded 2 times (x 69B)
Class org.gradle.internal.IoActions                                                   : loaded 2 times (x 69B)
Class org.gradle.internal.classloader.SystemClassLoaderSpec                           : loaded 2 times (x 69B)
Class org.gradle.internal.exceptions.MultiCauseException                              : loaded 2 times (x 68B)
Class org.gradle.internal.time.CountdownTimer                                         : loaded 2 times (x 68B)
Class kotlin.jvm.internal.Intrinsics                                                  : loaded 2 times (x 69B)
Class org.gradle.tooling.model.ProjectModel                                           : loaded 2 times (x 68B)
Class kotlin.KotlinNullPointerException                                               : loaded 2 times (x 81B)
Class org.jetbrains.plugins.gradle.model.tests.ExternalTestsModel                     : loaded 2 times (x 68B)
Class org.gradle.internal.exceptions.DefaultMultiCauseException                       : loaded 2 times (x 93B)
Class org.gradle.internal.time.Time                                                   : loaded 2 times (x 69B)
Class org.jetbrains.plugins.gradle.model.DependencyAccessorsModel                     : loaded 2 times (x 68B)
Class org.gradle.api.internal.classpath.GlobalCacheRootsProvider                      : loaded 2 times (x 68B)
Class org.jetbrains.kotlin.idea.gradleTooling.KotlinMPPGradleModel                    : loaded 2 times (x 68B)
Class org.gradle.tooling.model.BuildIdentifier                                        : loaded 2 times (x 68B)
Class org.jetbrains.kotlin.idea.gradleTooling.PrepareKotlinIdeImportTaskModel         : loaded 2 times (x 68B)
Class org.gradle.internal.time.Timer                                                  : loaded 2 times (x 68B)
Class kotlin.jvm.internal.markers.KMappedMarker                                       : loaded 2 times (x 68B)
Class org.gradle.internal.installation.CurrentGradleInstallationLocator               : loaded 2 times (x 69B)
Class org.gradle.internal.service.DefaultServiceLocator                               : loaded 2 times (x 81B)
Class org.gradle.util.GradleVersion                                                   : loaded 2 times (x 77B)
Class org.gradle.internal.installation.CurrentGradleInstallation                      : loaded 2 times (x 71B)
Class org.jetbrains.plugins.gradle.javaModel.JavaGradleManifestModel                  : loaded 2 times (x 68B)
Class org.gradle.util.internal.GUtil                                                  : loaded 2 times (x 69B)
Class org.gradle.internal.installation.GradleInstallation                             : loaded 2 times (x 73B)

---------------  S Y S T E M  ---------------

OS:
 Windows 11 , 64 bit Build 26100 (10.0.26100.5074)
OS uptime: 0 days 6:23 hours
Hyper-V role detected

CPU: total 12 (initial active 12) (6 cores per cpu, 2 threads per core) family 6 model 154 stepping 4 microcode 0x437, cx8, cmov, fxsr, ht, mmx, 3dnowpref, sse, sse2, sse3, ssse3, sse4.1, sse4.2, popcnt, lzcnt, tsc, tscinvbit, avx, avx2, aes, erms, clmul, bmi1, bmi2, adx, sha, fma, vzeroupper, clflush, clflushopt, clwb, hv, serialize, rdtscp, rdpid, fsrm, f16c, cet_ibt, cet_ss
Processor Information for the first 12 processors :
  Max Mhz: 1300, Current Mhz: 1300, Mhz Limit: 1300

Memory: 4k page, system-wide physical 16068M (1209M free)
TotalPageFile size 22219M (AvailPageFile size 3M)
current process WorkingSet (physical memory assigned to process): 355M, peak: 355M
current process commit charge ("private bytes"): 398M, peak: 399M

vm_info: OpenJDK 64-Bit Server VM (21.0.7+-13880790-b1038.58) for windows-amd64 JRE (21.0.7+-13880790-b1038.58), built on 2025-08-04T20:56:21Z by "builder" with MS VC++ 16.10 / 16.11 (VS2019)

END.
